#
# There is insufficient memory for the Java Runtime Environment to continue.
# Native memory allocation (malloc) failed to allocate 32744 bytes for ChunkPool::allocate
# Possible reasons:
#   The system is out of physical RAM or swap space
#   In 32 bit mode, the process size limit was hit
# Possible solutions:
#   Reduce memory load on the system
#   Increase physical memory or swap space
#   Check if swap backing store is full
#   Use 64 bit Java on a 64 bit OS
#   Decrease Java heap size (-Xmx/-Xms)
#   Decrease number of Java threads
#   Decrease Java thread stack sizes (-Xss)
#   Set larger code cache with -XX:ReservedCodeCacheSize=
# This output file may be truncated or incomplete.
#
#  Out of Memory Error (allocation.cpp:273), pid=6288, tid=0x0000000000001de0
#
# JRE version: Java(TM) SE Runtime Environment (8.0_181-b13) (build 1.8.0_181-b13)
# Java VM: Java HotSpot(TM) 64-Bit Server VM (25.181-b13 mixed mode windows-amd64 compressed oops)
# Failed to write core dump. Minidumps are not enabled by default on client versions of Windows
#

---------------  T H R E A D  ---------------

Current thread (0x0000000017802000):  JavaThread "C2 CompilerThread0" daemon [_thread_in_native, id=7648, stack(0x0000000019330000,0x0000000019430000)]

Stack: [0x0000000019330000,0x0000000019430000]
[error occurred during error reporting (printing stack bounds), id 0xc0000005]

Native frames: (J=compiled Java code, j=interpreted, Vv=VM code, C=native code)


Current CompileTask:
C2:   3036 1888   !   4       java.net.URLClassLoader$1::run (63 bytes)


---------------  P R O C E S S  ---------------

Java Threads: ( => current thread )
  0x0000000018eef800 JavaThread "Service Thread" daemon [_thread_blocked, id=5052, stack(0x0000000019630000,0x0000000019730000)]
  0x0000000017807800 JavaThread "C1 CompilerThread2" daemon [_thread_in_native, id=9324, stack(0x0000000019530000,0x0000000019630000)]
  0x0000000017806000 JavaThread "C2 CompilerThread1" daemon [_thread_in_native, id=4392, stack(0x0000000019430000,0x0000000019530000)]
=>0x0000000017802000 JavaThread "C2 CompilerThread0" daemon [_thread_in_native, id=7648, stack(0x0000000019330000,0x0000000019430000)]
  0x00000000177eb800 JavaThread "Monitor Ctrl-Break" daemon [_thread_in_native, id=4912, stack(0x0000000019230000,0x0000000019330000)]
  0x00000000177c5800 JavaThread "Attach Listener" daemon [_thread_blocked, id=6732, stack(0x0000000018d30000,0x0000000018e30000)]
  0x00000000177c3800 JavaThread "Signal Dispatcher" daemon [_thread_blocked, id=7424, stack(0x0000000018c30000,0x0000000018d30000)]
  0x00000000177aa800 JavaThread "Finalizer" daemon [_thread_blocked, id=10804, stack(0x0000000018a30000,0x0000000018b30000)]
  0x0000000017789000 JavaThread "Reference Handler" daemon [_thread_blocked, id=9720, stack(0x0000000018930000,0x0000000018a30000)]
  0x0000000002d12800 JavaThread "main" [_thread_in_vm, id=9308, stack(0x0000000002b10000,0x0000000002c10000)]

Other Threads:
  0x0000000017788000 VMThread [stack: 0x0000000018830000,0x0000000018930000] [id=3168]
  0x0000000018ef3000 WatcherThread [stack: 0x0000000019870000,0x0000000019970000] [id=1724]

VM state:not at safepoint (normal execution)

VM Mutex/Monitor currently owned by a thread: None

Heap:
 PSYoungGen      total 36864K, used 10293K [0x00000000d6b80000, 0x00000000d9480000, 0x0000000100000000)
  eden space 31744K, 16% used [0x00000000d6b80000,0x00000000d7090c38,0x00000000d8a80000)
  from space 5120K, 99% used [0x00000000d8a80000,0x00000000d8f7cb30,0x00000000d8f80000)
  to   space 5120K, 0% used [0x00000000d8f80000,0x00000000d8f80000,0x00000000d9480000)
 ParOldGen       total 84992K, used 3312K [0x0000000084200000, 0x0000000089500000, 0x00000000d6b80000)
  object space 84992K, 3% used [0x0000000084200000,0x000000008453c318,0x0000000089500000)
 Metaspace       used 15084K, capacity 15332K, committed 15616K, reserved 1062912K
  class space    used 1857K, capacity 1942K, committed 2048K, reserved 1048576K

Card table byte_map: [0x00000000121d0000,0x00000000125b0000] byte_map_base: 0x0000000011daf000

Marking Bits: (ParMarkBitMap*) 0x0000000071532d00
 Begin Bits: [0x0000000012c50000, 0x0000000014b48000)
 End Bits:   [0x0000000014b48000, 0x0000000016a40000)

Polling page: 0x0000000000e10000

CodeCache: size=245760Kb used=6500Kb max_used=6500Kb free=239259Kb
 bounds [0x0000000002e10000, 0x0000000003470000, 0x0000000011e10000]
 total_blobs=2235 nmethods=1893 adapters=255
 compilation: enabled

Compilation events (10 events):
Event: 3.007 Thread 0x0000000017802000 1886       4       java.util.HashMap$EntryIterator::next (5 bytes)
Event: 3.011 Thread 0x0000000017806000 nmethod 1872 0x000000000346b390 code [0x000000000346b540, 0x000000000346bd78]
Event: 3.011 Thread 0x0000000017802000 nmethod 1886 0x0000000003466390 code [0x00000000034664e0, 0x00000000034666d8]
Event: 3.011 Thread 0x0000000017806000 1887       4       java.net.URLClassLoader$1::run (5 bytes)
Event: 3.012 Thread 0x0000000017802000 1888   !   4       java.net.URLClassLoader$1::run (63 bytes)
Event: 3.016 Thread 0x0000000017807800 1889       1       java.util.Collections$1::hasNext (5 bytes)
Event: 3.016 Thread 0x0000000017807800 nmethod 1889 0x0000000003460710 code [0x0000000003460860, 0x0000000003460970]
Event: 3.031 Thread 0x0000000017807800 1890       1       java.nio.Buffer::capacity (5 bytes)
Event: 3.031 Thread 0x0000000017807800 nmethod 1890 0x0000000003460450 code [0x00000000034605a0, 0x00000000034606b0]
Event: 3.033 Thread 0x0000000017807800 1892       3       org.codehaus.plexus.interpolation.reflection.ReflectionValueExtractor::evaluate (163 bytes)

GC Heap History (6 events):
Event: 0.899 GC heap before
{Heap before GC invocations=1 (full 0):
 PSYoungGen      total 36864K, used 31744K [0x00000000d6b80000, 0x00000000d9480000, 0x0000000100000000)
  eden space 31744K, 100% used [0x00000000d6b80000,0x00000000d8a80000,0x00000000d8a80000)
  from space 5120K, 0% used [0x00000000d8f80000,0x00000000d8f80000,0x00000000d9480000)
  to   space 5120K, 0% used [0x00000000d8a80000,0x00000000d8a80000,0x00000000d8f80000)
 ParOldGen       total 84992K, used 0K [0x0000000084200000, 0x0000000089500000, 0x00000000d6b80000)
  object space 84992K, 0% used [0x0000000084200000,0x0000000084200000,0x0000000089500000)
 Metaspace       used 8102K, capacity 8196K, committed 8320K, reserved 1056768K
  class space    used 1004K, capacity 1052K, committed 1152K, reserved 1048576K
Event: 0.907 GC heap after
Heap after GC invocations=1 (full 0):
 PSYoungGen      total 36864K, used 4588K [0x00000000d6b80000, 0x00000000d9480000, 0x0000000100000000)
  eden space 31744K, 0% used [0x00000000d6b80000,0x00000000d6b80000,0x00000000d8a80000)
  from space 5120K, 89% used [0x00000000d8a80000,0x00000000d8efb020,0x00000000d8f80000)
  to   space 5120K, 0% used [0x00000000d8f80000,0x00000000d8f80000,0x00000000d9480000)
 ParOldGen       total 84992K, used 8K [0x0000000084200000, 0x0000000089500000, 0x00000000d6b80000)
  object space 84992K, 0% used [0x0000000084200000,0x0000000084202000,0x0000000089500000)
 Metaspace       used 8102K, capacity 8196K, committed 8320K, reserved 1056768K
  class space    used 1004K, capacity 1052K, committed 1152K, reserved 1048576K
}
Event: 1.358 GC heap before
{Heap before GC invocations=2 (full 0):
 PSYoungGen      total 36864K, used 36332K [0x00000000d6b80000, 0x00000000d9480000, 0x0000000100000000)
  eden space 31744K, 100% used [0x00000000d6b80000,0x00000000d8a80000,0x00000000d8a80000)
  from space 5120K, 89% used [0x00000000d8a80000,0x00000000d8efb020,0x00000000d8f80000)
  to   space 5120K, 0% used [0x00000000d8f80000,0x00000000d8f80000,0x00000000d9480000)
 ParOldGen       total 84992K, used 8K [0x0000000084200000, 0x0000000089500000, 0x00000000d6b80000)
  object space 84992K, 0% used [0x0000000084200000,0x0000000084202000,0x0000000089500000)
 Metaspace       used 11129K, capacity 11334K, committed 11520K, reserved 1058816K
  class space    used 1399K, capacity 1479K, committed 1536K, reserved 1048576K
Event: 1.366 GC heap after
Heap after GC invocations=2 (full 0):
 PSYoungGen      total 36864K, used 5109K [0x00000000d6b80000, 0x00000000d9480000, 0x0000000100000000)
  eden space 31744K, 0% used [0x00000000d6b80000,0x00000000d6b80000,0x00000000d8a80000)
  from space 5120K, 99% used [0x00000000d8f80000,0x00000000d947d680,0x00000000d9480000)
  to   space 5120K, 0% used [0x00000000d8a80000,0x00000000d8a80000,0x00000000d8f80000)
 ParOldGen       total 84992K, used 888K [0x0000000084200000, 0x0000000089500000, 0x00000000d6b80000)
  object space 84992K, 1% used [0x0000000084200000,0x00000000842de078,0x0000000089500000)
 Metaspace       used 11129K, capacity 11334K, committed 11520K, reserved 1058816K
  class space    used 1399K, capacity 1479K, committed 1536K, reserved 1048576K
}
Event: 2.754 GC heap before
{Heap before GC invocations=3 (full 0):
 PSYoungGen      total 36864K, used 36853K [0x00000000d6b80000, 0x00000000d9480000, 0x0000000100000000)
  eden space 31744K, 100% used [0x00000000d6b80000,0x00000000d8a80000,0x00000000d8a80000)
  from space 5120K, 99% used [0x00000000d8f80000,0x00000000d947d680,0x00000000d9480000)
  to   space 5120K, 0% used [0x00000000d8a80000,0x00000000d8a80000,0x00000000d8f80000)
 ParOldGen       total 84992K, used 888K [0x0000000084200000, 0x0000000089500000, 0x00000000d6b80000)
  object space 84992K, 1% used [0x0000000084200000,0x00000000842de078,0x0000000089500000)
 Metaspace       used 14975K, capacity 15198K, committed 15616K, reserved 1062912K
  class space    used 1847K, capacity 1941K, committed 2048K, reserved 1048576K
Event: 2.766 GC heap after
Heap after GC invocations=3 (full 0):
 PSYoungGen      total 36864K, used 5106K [0x00000000d6b80000, 0x00000000d9480000, 0x0000000100000000)
  eden space 31744K, 0% used [0x00000000d6b80000,0x00000000d6b80000,0x00000000d8a80000)
  from space 5120K, 99% used [0x00000000d8a80000,0x00000000d8f7cb30,0x00000000d8f80000)
  to   space 5120K, 0% used [0x00000000d8f80000,0x00000000d8f80000,0x00000000d9480000)
 ParOldGen       total 84992K, used 3312K [0x0000000084200000, 0x0000000089500000, 0x00000000d6b80000)
  object space 84992K, 3% used [0x0000000084200000,0x000000008453c318,0x0000000089500000)
 Metaspace       used 14975K, capacity 15198K, committed 15616K, reserved 1062912K
  class space    used 1847K, capacity 1941K, committed 2048K, reserved 1048576K
}

Deoptimization events (10 events):
Event: 1.827 Thread 0x0000000002d12800 Uncommon trap: reason=null_check action=make_not_entrant pc=0x0000000002fd2814 method=java.lang.String.equals(Ljava/lang/Object;)Z @ 8
Event: 1.845 Thread 0x0000000002d12800 Uncommon trap: reason=unstable_if action=reinterpret pc=0x00000000030fdafc method=org.codehaus.plexus.util.xml.pull.MXParser.parseStartTag()I @ 443
Event: 1.960 Thread 0x0000000002d12800 Uncommon trap: reason=unstable_if action=reinterpret pc=0x0000000003000594 method=java.lang.String.replace(CC)Ljava/lang/String; @ 2
Event: 2.070 Thread 0x0000000002d12800 Uncommon trap: reason=unstable_if action=reinterpret pc=0x000000000332df48 method=org.codehaus.plexus.util.xml.pull.MXParser.nextImpl()I @ 879
Event: 2.085 Thread 0x0000000002d12800 Uncommon trap: reason=unstable_if action=reinterpret pc=0x000000000309e084 method=sun.nio.cs.UTF_8$Decoder.decode([BII[C)I @ 30
Event: 2.085 Thread 0x0000000002d12800 Uncommon trap: reason=unstable_if action=reinterpret pc=0x00000000030b86f8 method=sun.nio.cs.UTF_8$Decoder.decodeArrayLoop(Ljava/nio/ByteBuffer;Ljava/nio/CharBuffer;)Ljava/nio/charset/CoderResult; @ 84
Event: 2.257 Thread 0x0000000002d12800 Uncommon trap: reason=unstable_if action=reinterpret pc=0x00000000031a0a7c method=java.util.HashMap.hash(Ljava/lang/Object;)I @ 1
Event: 2.257 Thread 0x0000000002d12800 Uncommon trap: reason=unstable_if action=reinterpret pc=0x0000000003171068 method=java.util.HashMap.hash(Ljava/lang/Object;)I @ 1
Event: 2.342 Thread 0x0000000002d12800 Uncommon trap: reason=null_check action=make_not_entrant pc=0x00000000033c888c method=org.apache.maven.model.io.xpp3.MavenXpp3Reader.checkFieldWithDuplicate(Lorg/codehaus/plexus/util/xml/pull/XmlPullParser;Ljava/lang/String;Ljava/lang/String;Ljava/util/Se
Event: 2.474 Thread 0x0000000002d12800 Uncommon trap: reason=unstable_if action=reinterpret pc=0x00000000033b7b5c method=org.codehaus.plexus.util.xml.pull.MXParser.nextImpl()I @ 1161

Classes redefined (0 events):
No events

Internal exceptions (10 events):
Event: 0.773 Thread 0x0000000002d12800 Exception <a 'java/lang/ArrayIndexOutOfBoundsException': 24> (0x00000000d8163e38) thrown at [C:\re\workspace\8-2-build-windows-amd64-cygwin\jdk8u181\11358\hotspot\src\share\vm\interpreter\interpreterRuntime.cpp, line 366]
Event: 0.943 Thread 0x0000000002d12800 Exception <a 'java/lang/ArrayIndexOutOfBoundsException': 73> (0x00000000d6fda9c8) thrown at [C:\re\workspace\8-2-build-windows-amd64-cygwin\jdk8u181\11358\hotspot\src\share\vm\interpreter\interpreterRuntime.cpp, line 366]
Event: 0.943 Thread 0x0000000002d12800 Exception <a 'java/lang/ArrayIndexOutOfBoundsException': 131> (0x00000000d6fdc370) thrown at [C:\re\workspace\8-2-build-windows-amd64-cygwin\jdk8u181\11358\hotspot\src\share\vm\interpreter\interpreterRuntime.cpp, line 366]
Event: 1.635 Thread 0x0000000002d12800 Exception <a 'java/lang/NoClassDefFoundError': com/google/inject/servlet/ServletModuleTargetVisitor> (0x00000000d7807450) thrown at [C:\re\workspace\8-2-build-windows-amd64-cygwin\jdk8u181\11358\hotspot\src\share\vm\classfile\systemDictionary.cpp, line 19
Event: 1.635 Thread 0x0000000002d12800 Exception <a 'java/lang/NoClassDefFoundError'> (0x00000000d7807450) thrown at [C:\re\workspace\8-2-build-windows-amd64-cygwin\jdk8u181\11358\hotspot\src\share\vm\prims\jvm.cpp, line 1439]
Event: 1.635 Thread 0x0000000002d12800 Exception <a 'java/lang/NoClassDefFoundError': javax/annotation/Priority> (0x00000000d780c270) thrown at [C:\re\workspace\8-2-build-windows-amd64-cygwin\jdk8u181\11358\hotspot\src\share\vm\classfile\systemDictionary.cpp, line 199]
Event: 1.827 Thread 0x0000000002d12800 Implicit null exception at 0x0000000002fd265b to 0x0000000002fd2805
Event: 2.257 Thread 0x0000000002d12800 Implicit null exception at 0x00000000031a0895 to 0x00000000031a0a6d
Event: 2.257 Thread 0x0000000002d12800 Implicit null exception at 0x0000000003170fef to 0x0000000003171059
Event: 2.342 Thread 0x0000000002d12800 Implicit null exception at 0x00000000033c862f to 0x00000000033c8871

Events (10 events):
Event: 3.012 loading class org/eclipse/aether/graph/DependencyCycle
Event: 3.012 loading class org/eclipse/aether/graph/DependencyCycle done
Event: 3.013 loading class org/eclipse/aether/util/graph/manager/ClassicDependencyManager$Key
Event: 3.013 loading class org/eclipse/aether/util/graph/manager/ClassicDependencyManager$Key done
Event: 3.014 loading class org/eclipse/aether/internal/impl/DataPool$ConstraintKey
Event: 3.014 loading class org/eclipse/aether/internal/impl/DataPool$ConstraintKey done
Event: 3.014 loading class org/eclipse/aether/internal/impl/DataPool$Constraint
Event: 3.014 loading class org/eclipse/aether/internal/impl/DataPool$Constraint done
Event: 3.015 loading class org/eclipse/aether/internal/impl/DataPool$Constraint$VersionRepo
Event: 3.015 loading class org/eclipse/aether/internal/impl/DataPool$Constraint$VersionRepo done


Dynamic libraries:
0x00007ff6799b0000 - 0x00007ff6799e7000 	C:\Program Files\Java\jdk1.8.0_181\bin\java.exe
0x00007ffa5dc90000 - 0x00007ffa5de71000 	C:\WINDOWS\SYSTEM32\ntdll.dll
0x00007ffa5d520000 - 0x00007ffa5d5d2000 	C:\WINDOWS\System32\KERNEL32.DLL
0x00007ffa5ab50000 - 0x00007ffa5adc3000 	C:\WINDOWS\System32\KERNELBASE.dll
0x00007ffa5d760000 - 0x00007ffa5d801000 	C:\WINDOWS\System32\ADVAPI32.dll
0x00007ffa5d170000 - 0x00007ffa5d20e000 	C:\WINDOWS\System32\msvcrt.dll
0x00007ffa5d4c0000 - 0x00007ffa5d51b000 	C:\WINDOWS\System32\sechost.dll
0x00007ffa5b510000 - 0x00007ffa5b634000 	C:\WINDOWS\System32\RPCRT4.dll
0x00007ffa5b740000 - 0x00007ffa5b8d0000 	C:\WINDOWS\System32\USER32.dll
0x00007ffa5aa90000 - 0x00007ffa5aab0000 	C:\WINDOWS\System32\win32u.dll
0x00007ffa5d880000 - 0x00007ffa5d8a8000 	C:\WINDOWS\System32\GDI32.dll
0x00007ffa5af80000 - 0x00007ffa5b112000 	C:\WINDOWS\System32\gdi32full.dll
0x00007ffa5aab0000 - 0x00007ffa5ab4f000 	C:\WINDOWS\System32\msvcp_win.dll
0x00007ffa5ae80000 - 0x00007ffa5af7a000 	C:\WINDOWS\System32\ucrtbase.dll
0x00007ffa433e0000 - 0x00007ffa43649000 	C:\WINDOWS\WinSxS\amd64_microsoft.windows.common-controls_6595b64144ccf1df_6.0.17134.285_none_fb4297e330656775\COMCTL32.dll
0x00007ffa5d8b0000 - 0x00007ffa5dbd3000 	C:\WINDOWS\System32\combase.dll
0x00007ffa5aa10000 - 0x00007ffa5aa8a000 	C:\WINDOWS\System32\bcryptPrimitives.dll
0x00007ffa5b300000 - 0x00007ffa5b32d000 	C:\WINDOWS\System32\IMM32.DLL
0x00000000715c0000 - 0x0000000071692000 	C:\Program Files\Java\jdk1.8.0_181\jre\bin\msvcr100.dll
0x0000000070d10000 - 0x00000000715b2000 	C:\Program Files\Java\jdk1.8.0_181\jre\bin\server\jvm.dll
0x00007ffa5b4a0000 - 0x00007ffa5b4a8000 	C:\WINDOWS\System32\PSAPI.DLL
0x00007ffa3e380000 - 0x00007ffa3e389000 	C:\WINDOWS\SYSTEM32\WSOCK32.dll
0x00007ffa581f0000 - 0x00007ffa58213000 	C:\WINDOWS\SYSTEM32\WINMM.dll
0x00007ffa5d810000 - 0x00007ffa5d87c000 	C:\WINDOWS\System32\WS2_32.dll
0x00007ffa52590000 - 0x00007ffa5259a000 	C:\WINDOWS\SYSTEM32\VERSION.dll
0x00007ffa580d0000 - 0x00007ffa580fa000 	C:\WINDOWS\SYSTEM32\winmmbase.dll
0x00007ffa5a9c0000 - 0x00007ffa5aa09000 	C:\WINDOWS\System32\cfgmgr32.dll
0x0000000070d00000 - 0x0000000070d0f000 	C:\Program Files\Java\jdk1.8.0_181\jre\bin\verify.dll
0x0000000070cd0000 - 0x0000000070cf9000 	C:\Program Files\Java\jdk1.8.0_181\jre\bin\java.dll
0x0000000070c40000 - 0x0000000070c63000 	C:\Program Files\Java\jdk1.8.0_181\jre\bin\instrument.dll
0x0000000070cb0000 - 0x0000000070cc6000 	C:\Program Files\Java\jdk1.8.0_181\jre\bin\zip.dll
0x00007ffa5bd30000 - 0x00007ffa5d170000 	C:\WINDOWS\System32\SHELL32.dll
0x00007ffa5d5e0000 - 0x00007ffa5d689000 	C:\WINDOWS\System32\shcore.dll
0x00007ffa5a250000 - 0x00007ffa5a95d000 	C:\WINDOWS\System32\windows.storage.dll
0x00007ffa5b2a0000 - 0x00007ffa5b2f1000 	C:\WINDOWS\System32\shlwapi.dll
0x00007ffa5a040000 - 0x00007ffa5a051000 	C:\WINDOWS\System32\kernel.appcore.dll
0x00007ffa59fd0000 - 0x00007ffa59fef000 	C:\WINDOWS\System32\profapi.dll
0x00007ffa59ff0000 - 0x00007ffa5a03c000 	C:\WINDOWS\System32\powrprof.dll
0x00007ffa59fa0000 - 0x00007ffa59faa000 	C:\WINDOWS\System32\FLTLIB.DLL
0x00007ffa51510000 - 0x00007ffa5152a000 	C:\Program Files\JetBrains\IntelliJ IDEA 2018.2.1\bin\breakgen64.dll
0x0000000070c90000 - 0x0000000070caa000 	C:\Program Files\Java\jdk1.8.0_181\jre\bin\net.dll
0x00007ffa59770000 - 0x00007ffa597d6000 	C:\WINDOWS\system32\mswsock.dll
0x0000000070c70000 - 0x0000000070c81000 	C:\Program Files\Java\jdk1.8.0_181\jre\bin\nio.dll

VM Arguments:
jvm_args: -Dmaven.multiModuleProjectDirectory=C:\Users\newUser\Desktop\TODO_v2.0 -Dmaven.home=C:\Program Files\JetBrains\IntelliJ IDEA 2018.2.1\plugins\maven\lib\maven3 -Dclassworlds.conf=C:\Program Files\JetBrains\IntelliJ IDEA 2018.2.1\plugins\maven\lib\maven3\bin\m2.conf -javaagent:C:\Program Files\JetBrains\IntelliJ IDEA 2018.2.1\lib\idea_rt.jar=49929:C:\Program Files\JetBrains\IntelliJ IDEA 2018.2.1\bin -Dfile.encoding=UTF-8 
java_command: org.codehaus.classworlds.Launcher -Didea.version=2018.2.1 clean install
java_class_path (initial): C:\Program Files\JetBrains\IntelliJ IDEA 2018.2.1\plugins\maven\lib\maven3\boot\plexus-classworlds-2.5.2.jar;C:\Program Files\JetBrains\IntelliJ IDEA 2018.2.1\lib\idea_rt.jar
Launcher Type: SUN_STANDARD

Environment Variables:
JAVA_HOME=C:\Program Files\Java\jdk-10.0.2
PATH=C:\Program Files\Docker\Docker\Resources\bin;C:\WINDOWS\system32;C:\WINDOWS;C:\WINDOWS\System32\Wbem;C:\WINDOWS\System32\WindowsPowerShell\v1.0\;C:\Program Files\Git\cmd;C:\Program Files\nodejs\;C:\Program Files (x86)\Yarn\bin\;C:\Program Files\Maven\apache-maven-3.5.4\bin;C:\WINDOWS\System32\OpenSSH\;%JAVA_HOME%\bin\bin\bin;C:\Program Files\Java\jdk-10.0.2;C:\Users\newUser\AppData\Local\Microsoft\WindowsApps;
USERNAME=newUser
OS=Windows_NT
PROCESSOR_IDENTIFIER=Intel64 Family 6 Model 37 Stepping 2, GenuineIntel



---------------  S Y S T E M  ---------------

OS: Windows 10.0 , 64 bit Build 17134 (10.0.17134.1)

CPU:total 4 (initial active 4) (2 cores per cpu, 2 threads per core) family 6 model 37 stepping 2, cmov, cx8, fxsr, mmx, sse, sse2, sse3, ssse3, sse4.1, sse4.2, popcnt, aes, clmul, ht, tsc, tscinvbit

Memory: 4k page, physical 8117748k(1069840k free), swap 10165748k(3116k free)

vm_info: Java HotSpot(TM) 64-Bit Server VM (25.181-b13) for windows-amd64 JRE (1.8.0_181-b13), built on Jul  7 2018 04:01:33 by "java_re" with MS VC++ 10.0 (VS2010)

time: Thu Sep 27 11:24:50 2018
elapsed time: 3 seconds (0d 0h 0m 3s)

