#
# There is insufficient memory for the Java Runtime Environment to continue.
# Native memory allocation (malloc) failed to allocate 1343056 bytes for Chunk::new
# Possible reasons:
#   The system is out of physical RAM or swap space
#   In 32 bit mode, the process size limit was hit
# Possible solutions:
#   Reduce memory load on the system
#   Increase physical memory or swap space
#   Check if swap backing store is full
#   Use 64 bit Java on a 64 bit OS
#   Decrease Java heap size (-Xmx/-Xms)
#   Decrease number of Java threads
#   Decrease Java thread stack sizes (-Xss)
#   Set larger code cache with -XX:ReservedCodeCacheSize=
# This output file may be truncated or incomplete.
#
#  Out of Memory Error (allocation.cpp:390), pid=11292, tid=0x0000000000001bc4
#
# JRE version: Java(TM) SE Runtime Environment (8.0_181-b13) (build 1.8.0_181-b13)
# Java VM: Java HotSpot(TM) 64-Bit Server VM (25.181-b13 mixed mode windows-amd64 compressed oops)
# Failed to write core dump. Minidumps are not enabled by default on client versions of Windows
#

---------------  T H R E A D  ---------------

Current thread (0x0000000017a2a800):  JavaThread "C2 CompilerThread0" daemon [_thread_in_native, id=7108, stack(0x0000000019540000,0x0000000019640000)]

Stack: [0x0000000019540000,0x0000000019640000]
[error occurred during error reporting (printing stack bounds), id 0xc0000005]

Native frames: (J=compiled Java code, j=interpreted, Vv=VM code, C=native code)


Current CompileTask:
C2:   4986 2824       4       java.net.URLClassLoader$1::run (5 bytes)


---------------  P R O C E S S  ---------------

Java Threads: ( => current thread )
  0x00000000190f4000 JavaThread "Service Thread" daemon [_thread_blocked, id=4780, stack(0x0000000019840000,0x0000000019940000)]
  0x0000000017a30000 JavaThread "C1 CompilerThread2" daemon [_thread_in_native, id=7624, stack(0x0000000019740000,0x0000000019840000)]
  0x0000000017a2e800 JavaThread "C2 CompilerThread1" daemon [_thread_in_native, id=8260, stack(0x0000000019640000,0x0000000019740000)]
=>0x0000000017a2a800 JavaThread "C2 CompilerThread0" daemon [_thread_in_native, id=7108, stack(0x0000000019540000,0x0000000019640000)]
  0x0000000019083000 JavaThread "Monitor Ctrl-Break" daemon [_thread_in_native, id=8220, stack(0x0000000019440000,0x0000000019540000)]
  0x00000000179f6800 JavaThread "Attach Listener" daemon [_thread_blocked, id=12328, stack(0x0000000018f40000,0x0000000019040000)]
  0x00000000179f5000 JavaThread "Signal Dispatcher" daemon [_thread_blocked, id=10676, stack(0x0000000018e40000,0x0000000018f40000)]
  0x000000000303d800 JavaThread "Finalizer" daemon [_thread_blocked, id=8156, stack(0x0000000018c40000,0x0000000018d40000)]
  0x00000000179b9800 JavaThread "Reference Handler" daemon [_thread_blocked, id=9684, stack(0x0000000018b40000,0x0000000018c40000)]
  0x0000000002f42800 JavaThread "main" [_thread_in_Java, id=4608, stack(0x0000000002d20000,0x0000000002e20000)]

Other Threads:
  0x00000000179b8000 VMThread [stack: 0x0000000018a40000,0x0000000018b40000] [id=11412]
  0x00000000190f8000 WatcherThread [stack: 0x0000000019a80000,0x0000000019b80000] [id=10872]

VM state:not at safepoint (normal execution)

VM Mutex/Monitor currently owned by a thread: None

Heap:
 PSYoungGen      total 68608K, used 47807K [0x00000000d6b80000, 0x00000000df180000, 0x0000000100000000)
  eden space 63488K, 67% used [0x00000000d6b80000,0x00000000d9533d10,0x00000000da980000)
  from space 5120K, 99% used [0x00000000da980000,0x00000000dae7c030,0x00000000dae80000)
  to   space 5120K, 0% used [0x00000000dec80000,0x00000000dec80000,0x00000000df180000)
 ParOldGen       total 84992K, used 5704K [0x0000000084200000, 0x0000000089500000, 0x00000000d6b80000)
  object space 84992K, 6% used [0x0000000084200000,0x0000000084792030,0x0000000089500000)
 Metaspace       used 19681K, capacity 20066K, committed 20352K, reserved 1067008K
  class space    used 2432K, capacity 2583K, committed 2688K, reserved 1048576K

Card table byte_map: [0x0000000012400000,0x00000000127e0000] byte_map_base: 0x0000000011fdf000

Marking Bits: (ParMarkBitMap*) 0x0000000071532d00
 Begin Bits: [0x0000000012e80000, 0x0000000014d78000)
 End Bits:   [0x0000000014d78000, 0x0000000016c70000)

Polling page: 0x0000000001050000

CodeCache: size=245760Kb used=9578Kb max_used=9578Kb free=236181Kb
 bounds [0x0000000003040000, 0x00000000039b0000, 0x0000000012040000]
 total_blobs=3206 nmethods=2840 adapters=278
 compilation: enabled

Compilation events (10 events):
Event: 4.773 Thread 0x0000000017a30000 2837       3       com.sun.tools.javac.code.AnnoConstruct::<init> (5 bytes)
Event: 4.773 Thread 0x0000000017a30000 nmethod 2837 0x000000000399f090 code [0x000000000399f1e0, 0x000000000399f390]
Event: 4.773 Thread 0x0000000017a30000 2838       3       com.sun.tools.javac.util.Assert::check (8 bytes)
Event: 4.774 Thread 0x0000000017a30000 nmethod 2838 0x000000000399f450 code [0x000000000399f5c0, 0x000000000399f848]
Event: 4.953 Thread 0x0000000017a30000 2839       3       com.sun.tools.javac.util.SharedNameTable$NameImpl::<init> (6 bytes)
Event: 4.953 Thread 0x0000000017a30000 nmethod 2839 0x00000000039a0c50 code [0x00000000039a0dc0, 0x00000000039a0ff0]
Event: 4.953 Thread 0x0000000017a30000 2841       3       com.sun.tools.javac.util.Context::checkState (13 bytes)
Event: 4.954 Thread 0x0000000017a30000 nmethod 2841 0x00000000039a10d0 code [0x00000000039a1240, 0x00000000039a1468]
Event: 4.954 Thread 0x0000000017a30000 2840       3       com.sun.tools.javac.util.Name::<init> (10 bytes)
Event: 4.954 Thread 0x0000000017a30000 nmethod 2840 0x00000000039a1550 code [0x00000000039a16a0, 0x00000000039a1870]

GC Heap History (6 events):
Event: 0.974 GC heap before
{Heap before GC invocations=1 (full 0):
 PSYoungGen      total 36864K, used 31744K [0x00000000d6b80000, 0x00000000d9480000, 0x0000000100000000)
  eden space 31744K, 100% used [0x00000000d6b80000,0x00000000d8a80000,0x00000000d8a80000)
  from space 5120K, 0% used [0x00000000d8f80000,0x00000000d8f80000,0x00000000d9480000)
  to   space 5120K, 0% used [0x00000000d8a80000,0x00000000d8a80000,0x00000000d8f80000)
 ParOldGen       total 84992K, used 0K [0x0000000084200000, 0x0000000089500000, 0x00000000d6b80000)
  object space 84992K, 0% used [0x0000000084200000,0x0000000084200000,0x0000000089500000)
 Metaspace       used 8096K, capacity 8200K, committed 8320K, reserved 1056768K
  class space    used 1004K, capacity 1052K, committed 1152K, reserved 1048576K
Event: 0.986 GC heap after
Heap after GC invocations=1 (full 0):
 PSYoungGen      total 36864K, used 4566K [0x00000000d6b80000, 0x00000000db380000, 0x0000000100000000)
  eden space 31744K, 0% used [0x00000000d6b80000,0x00000000d6b80000,0x00000000d8a80000)
  from space 5120K, 89% used [0x00000000d8a80000,0x00000000d8ef58a8,0x00000000d8f80000)
  to   space 5120K, 0% used [0x00000000dae80000,0x00000000dae80000,0x00000000db380000)
 ParOldGen       total 84992K, used 8K [0x0000000084200000, 0x0000000089500000, 0x00000000d6b80000)
  object space 84992K, 0% used [0x0000000084200000,0x0000000084202000,0x0000000089500000)
 Metaspace       used 8096K, capacity 8200K, committed 8320K, reserved 1056768K
  class space    used 1004K, capacity 1052K, committed 1152K, reserved 1048576K
}
Event: 1.614 GC heap before
{Heap before GC invocations=2 (full 0):
 PSYoungGen      total 36864K, used 36310K [0x00000000d6b80000, 0x00000000db380000, 0x0000000100000000)
  eden space 31744K, 100% used [0x00000000d6b80000,0x00000000d8a80000,0x00000000d8a80000)
  from space 5120K, 89% used [0x00000000d8a80000,0x00000000d8ef58a8,0x00000000d8f80000)
  to   space 5120K, 0% used [0x00000000dae80000,0x00000000dae80000,0x00000000db380000)
 ParOldGen       total 84992K, used 8K [0x0000000084200000, 0x0000000089500000, 0x00000000d6b80000)
  object space 84992K, 0% used [0x0000000084200000,0x0000000084202000,0x0000000089500000)
 Metaspace       used 11159K, capacity 11338K, committed 11520K, reserved 1058816K
  class space    used 1400K, capacity 1479K, committed 1536K, reserved 1048576K
Event: 1.625 GC heap after
Heap after GC invocations=2 (full 0):
 PSYoungGen      total 68608K, used 5092K [0x00000000d6b80000, 0x00000000db380000, 0x0000000100000000)
  eden space 63488K, 0% used [0x00000000d6b80000,0x00000000d6b80000,0x00000000da980000)
  from space 5120K, 99% used [0x00000000dae80000,0x00000000db3790c0,0x00000000db380000)
  to   space 5120K, 0% used [0x00000000da980000,0x00000000da980000,0x00000000dae80000)
 ParOldGen       total 84992K, used 939K [0x0000000084200000, 0x0000000089500000, 0x00000000d6b80000)
  object space 84992K, 1% used [0x0000000084200000,0x00000000842ead28,0x0000000089500000)
 Metaspace       used 11159K, capacity 11338K, committed 11520K, reserved 1058816K
  class space    used 1400K, capacity 1479K, committed 1536K, reserved 1048576K
}
Event: 3.845 GC heap before
{Heap before GC invocations=3 (full 0):
 PSYoungGen      total 68608K, used 68580K [0x00000000d6b80000, 0x00000000db380000, 0x0000000100000000)
  eden space 63488K, 100% used [0x00000000d6b80000,0x00000000da980000,0x00000000da980000)
  from space 5120K, 99% used [0x00000000dae80000,0x00000000db3790c0,0x00000000db380000)
  to   space 5120K, 0% used [0x00000000da980000,0x00000000da980000,0x00000000dae80000)
 ParOldGen       total 84992K, used 939K [0x0000000084200000, 0x0000000089500000, 0x00000000d6b80000)
  object space 84992K, 1% used [0x0000000084200000,0x00000000842ead28,0x0000000089500000)
 Metaspace       used 15968K, capacity 16318K, committed 16512K, reserved 1062912K
  class space    used 1950K, capacity 2055K, committed 2176K, reserved 1048576K
Event: 3.867 GC heap after
Heap after GC invocations=3 (full 0):
 PSYoungGen      total 68608K, used 5104K [0x00000000d6b80000, 0x00000000df180000, 0x0000000100000000)
  eden space 63488K, 0% used [0x00000000d6b80000,0x00000000d6b80000,0x00000000da980000)
  from space 5120K, 99% used [0x00000000da980000,0x00000000dae7c030,0x00000000dae80000)
  to   space 5120K, 0% used [0x00000000dec80000,0x00000000dec80000,0x00000000df180000)
 ParOldGen       total 84992K, used 5704K [0x0000000084200000, 0x0000000089500000, 0x00000000d6b80000)
  object space 84992K, 6% used [0x0000000084200000,0x0000000084792030,0x0000000089500000)
 Metaspace       used 15968K, capacity 16318K, committed 16512K, reserved 1062912K
  class space    used 1950K, capacity 2055K, committed 2176K, reserved 1048576K
}

Deoptimization events (10 events):
Event: 3.017 Thread 0x0000000002f42800 Uncommon trap: reason=unstable_if action=reinterpret pc=0x0000000003647860 method=java.lang.String.trim()Ljava/lang/String; @ 63
Event: 3.090 Thread 0x0000000002f42800 Uncommon trap: reason=unstable_if action=reinterpret pc=0x00000000033d4dc4 method=java.util.HashMap.getNode(ILjava/lang/Object;)Ljava/util/HashMap$Node; @ 53
Event: 3.218 Thread 0x0000000002f42800 Uncommon trap: reason=bimorphic action=maybe_recompile pc=0x000000000368c50c method=java.util.regex.Pattern$CharProperty.match(Ljava/util/regex/Matcher;ILjava/lang/CharSequence;)Z @ 37
Event: 3.382 Thread 0x0000000002f42800 Uncommon trap: reason=bimorphic action=maybe_recompile pc=0x000000000359d144 method=java.util.concurrent.ConcurrentHashMap.get(Ljava/lang/Object;)Ljava/lang/Object; @ 149
Event: 3.390 Thread 0x0000000002f42800 Uncommon trap: reason=bimorphic action=maybe_recompile pc=0x000000000359d144 method=java.util.concurrent.ConcurrentHashMap.get(Ljava/lang/Object;)Ljava/lang/Object; @ 149
Event: 3.401 Thread 0x0000000002f42800 Uncommon trap: reason=bimorphic action=maybe_recompile pc=0x000000000359d144 method=java.util.concurrent.ConcurrentHashMap.get(Ljava/lang/Object;)Ljava/lang/Object; @ 149
Event: 3.466 Thread 0x0000000002f42800 Uncommon trap: reason=bimorphic action=maybe_recompile pc=0x000000000359d144 method=java.util.concurrent.ConcurrentHashMap.get(Ljava/lang/Object;)Ljava/lang/Object; @ 149
Event: 3.823 Thread 0x0000000002f42800 Uncommon trap: reason=bimorphic action=maybe_recompile pc=0x000000000368c50c method=java.util.regex.Pattern$CharProperty.match(Ljava/util/regex/Matcher;ILjava/lang/CharSequence;)Z @ 37
Event: 4.447 Thread 0x0000000002f42800 Uncommon trap: reason=bimorphic action=maybe_recompile pc=0x000000000368c50c method=java.util.regex.Pattern$CharProperty.match(Ljava/util/regex/Matcher;ILjava/lang/CharSequence;)Z @ 37
Event: 4.457 Thread 0x0000000002f42800 Uncommon trap: reason=unstable_if action=reinterpret pc=0x0000000003904518 method=com.google.inject.internal.InjectorImpl.callInContext(Lcom/google/inject/internal/ContextualCallable;)Ljava/lang/Object; @ 161

Classes redefined (0 events):
No events

Internal exceptions (10 events):
Event: 0.784 Thread 0x0000000002f42800 Exception <a 'java/lang/ArrayIndexOutOfBoundsException': 24> (0x00000000d8162fa8) thrown at [C:\re\workspace\8-2-build-windows-amd64-cygwin\jdk8u181\11358\hotspot\src\share\vm\interpreter\interpreterRuntime.cpp, line 366]
Event: 1.953 Thread 0x0000000002f42800 Exception <a 'java/lang/NoClassDefFoundError': com/google/inject/servlet/ServletModuleTargetVisitor> (0x00000000d783a940) thrown at [C:\re\workspace\8-2-build-windows-amd64-cygwin\jdk8u181\11358\hotspot\src\share\vm\classfile\systemDictionary.cpp, line 19
Event: 1.954 Thread 0x0000000002f42800 Exception <a 'java/lang/NoClassDefFoundError'> (0x00000000d783a940) thrown at [C:\re\workspace\8-2-build-windows-amd64-cygwin\jdk8u181\11358\hotspot\src\share\vm\prims\jvm.cpp, line 1439]
Event: 1.954 Thread 0x0000000002f42800 Exception <a 'java/lang/NoClassDefFoundError': javax/annotation/Priority> (0x00000000d783f760) thrown at [C:\re\workspace\8-2-build-windows-amd64-cygwin\jdk8u181\11358\hotspot\src\share\vm\classfile\systemDictionary.cpp, line 199]
Event: 2.204 Thread 0x0000000002f42800 Implicit null exception at 0x00000000031ff45b to 0x00000000031ff605
Event: 2.470 Thread 0x0000000002f42800 Implicit null exception at 0x00000000033e3dd5 to 0x00000000033e3fad
Event: 2.470 Thread 0x0000000002f42800 Implicit null exception at 0x0000000003481c6f to 0x0000000003481cd9
Event: 2.675 Thread 0x0000000002f42800 Implicit null exception at 0x0000000003680819 to 0x0000000003681965
Event: 4.457 Thread 0x0000000002f42800 Implicit null exception at 0x000000000390321f to 0x00000000039044f9
Event: 4.585 Thread 0x0000000002f42800 Exception <a 'java/lang/ClassNotFoundException': com/sun/tools/javac/api/JavacTool> (0x00000000d881a0b0) thrown at [C:\re\workspace\8-2-build-windows-amd64-cygwin\jdk8u181\11358\hotspot\src\share\vm\classfile\systemDictionary.cpp, line 210]

Events (10 events):
Event: 4.979 loading class com/sun/tools/javac/tree/DocTreeMaker
Event: 4.979 loading class com/sun/tools/javac/tree/DocTreeMaker done
Event: 4.980 loading class com/sun/tools/javac/parser/Tokens
Event: 4.980 loading class com/sun/tools/javac/parser/Tokens done
Event: 4.981 loading class com/sun/tools/javac/parser/Tokens$Token
Event: 4.981 loading class com/sun/tools/javac/parser/Tokens$Token done
Event: 4.981 loading class com/sun/tools/javac/parser/Tokens$TokenKind
Event: 4.981 loading class com/sun/tools/javac/parser/Tokens$TokenKind done
Event: 4.983 loading class com/sun/tools/javac/parser/Tokens$Token$Tag
Event: 4.983 loading class com/sun/tools/javac/parser/Tokens$Token$Tag done


Dynamic libraries:
0x00007ff6799b0000 - 0x00007ff6799e7000 	C:\Program Files\Java\jdk1.8.0_181\bin\java.exe
0x00007ffa5dc90000 - 0x00007ffa5de71000 	C:\WINDOWS\SYSTEM32\ntdll.dll
0x00007ffa5d520000 - 0x00007ffa5d5d2000 	C:\WINDOWS\System32\KERNEL32.DLL
0x00007ffa5ab50000 - 0x00007ffa5adc3000 	C:\WINDOWS\System32\KERNELBASE.dll
0x00007ffa5d760000 - 0x00007ffa5d801000 	C:\WINDOWS\System32\ADVAPI32.dll
0x00007ffa5d170000 - 0x00007ffa5d20e000 	C:\WINDOWS\System32\msvcrt.dll
0x00007ffa5d4c0000 - 0x00007ffa5d51b000 	C:\WINDOWS\System32\sechost.dll
0x00007ffa5b510000 - 0x00007ffa5b634000 	C:\WINDOWS\System32\RPCRT4.dll
0x00007ffa5b740000 - 0x00007ffa5b8d0000 	C:\WINDOWS\System32\USER32.dll
0x00007ffa5aa90000 - 0x00007ffa5aab0000 	C:\WINDOWS\System32\win32u.dll
0x00007ffa5d880000 - 0x00007ffa5d8a8000 	C:\WINDOWS\System32\GDI32.dll
0x00007ffa5af80000 - 0x00007ffa5b112000 	C:\WINDOWS\System32\gdi32full.dll
0x00007ffa5aab0000 - 0x00007ffa5ab4f000 	C:\WINDOWS\System32\msvcp_win.dll
0x00007ffa5ae80000 - 0x00007ffa5af7a000 	C:\WINDOWS\System32\ucrtbase.dll
0x00007ffa433e0000 - 0x00007ffa43649000 	C:\WINDOWS\WinSxS\amd64_microsoft.windows.common-controls_6595b64144ccf1df_6.0.17134.285_none_fb4297e330656775\COMCTL32.dll
0x00007ffa5d8b0000 - 0x00007ffa5dbd3000 	C:\WINDOWS\System32\combase.dll
0x00007ffa5aa10000 - 0x00007ffa5aa8a000 	C:\WINDOWS\System32\bcryptPrimitives.dll
0x00007ffa5b300000 - 0x00007ffa5b32d000 	C:\WINDOWS\System32\IMM32.DLL
0x00000000715c0000 - 0x0000000071692000 	C:\Program Files\Java\jdk1.8.0_181\jre\bin\msvcr100.dll
0x0000000070d10000 - 0x00000000715b2000 	C:\Program Files\Java\jdk1.8.0_181\jre\bin\server\jvm.dll
0x00007ffa5b4a0000 - 0x00007ffa5b4a8000 	C:\WINDOWS\System32\PSAPI.DLL
0x00007ffa52590000 - 0x00007ffa5259a000 	C:\WINDOWS\SYSTEM32\VERSION.dll
0x00007ffa581f0000 - 0x00007ffa58213000 	C:\WINDOWS\SYSTEM32\WINMM.dll
0x00007ffa3e380000 - 0x00007ffa3e389000 	C:\WINDOWS\SYSTEM32\WSOCK32.dll
0x00007ffa5d810000 - 0x00007ffa5d87c000 	C:\WINDOWS\System32\WS2_32.dll
0x00007ffa580d0000 - 0x00007ffa580fa000 	C:\WINDOWS\SYSTEM32\winmmbase.dll
0x00007ffa5a9c0000 - 0x00007ffa5aa09000 	C:\WINDOWS\System32\cfgmgr32.dll
0x0000000070d00000 - 0x0000000070d0f000 	C:\Program Files\Java\jdk1.8.0_181\jre\bin\verify.dll
0x0000000070cd0000 - 0x0000000070cf9000 	C:\Program Files\Java\jdk1.8.0_181\jre\bin\java.dll
0x0000000070bf0000 - 0x0000000070c13000 	C:\Program Files\Java\jdk1.8.0_181\jre\bin\instrument.dll
0x0000000070cb0000 - 0x0000000070cc6000 	C:\Program Files\Java\jdk1.8.0_181\jre\bin\zip.dll
0x00007ffa5bd30000 - 0x00007ffa5d170000 	C:\WINDOWS\System32\SHELL32.dll
0x00007ffa5d5e0000 - 0x00007ffa5d689000 	C:\WINDOWS\System32\shcore.dll
0x00007ffa5a250000 - 0x00007ffa5a95d000 	C:\WINDOWS\System32\windows.storage.dll
0x00007ffa5b2a0000 - 0x00007ffa5b2f1000 	C:\WINDOWS\System32\shlwapi.dll
0x00007ffa5a040000 - 0x00007ffa5a051000 	C:\WINDOWS\System32\kernel.appcore.dll
0x00007ffa59fd0000 - 0x00007ffa59fef000 	C:\WINDOWS\System32\profapi.dll
0x00007ffa59ff0000 - 0x00007ffa5a03c000 	C:\WINDOWS\System32\powrprof.dll
0x00007ffa59fa0000 - 0x00007ffa59faa000 	C:\WINDOWS\System32\FLTLIB.DLL
0x00007ffa4c460000 - 0x00007ffa4c47a000 	C:\Program Files\JetBrains\IntelliJ IDEA 2018.2.1\bin\breakgen64.dll
0x0000000070c90000 - 0x0000000070caa000 	C:\Program Files\Java\jdk1.8.0_181\jre\bin\net.dll
0x00007ffa59770000 - 0x00007ffa597d6000 	C:\WINDOWS\system32\mswsock.dll
0x0000000070c70000 - 0x0000000070c81000 	C:\Program Files\Java\jdk1.8.0_181\jre\bin\nio.dll

VM Arguments:
jvm_args: -Dmaven.multiModuleProjectDirectory=C:\Users\newUser\Desktop\TODO_v2.0 -Dmaven.home=C:\Program Files\JetBrains\IntelliJ IDEA 2018.2.1\plugins\maven\lib\maven3 -Dclassworlds.conf=C:\Program Files\JetBrains\IntelliJ IDEA 2018.2.1\plugins\maven\lib\maven3\bin\m2.conf -javaagent:C:\Program Files\JetBrains\IntelliJ IDEA 2018.2.1\lib\idea_rt.jar=55199:C:\Program Files\JetBrains\IntelliJ IDEA 2018.2.1\bin -Dfile.encoding=UTF-8 
java_command: org.codehaus.classworlds.Launcher -Didea.version=2018.2.1 clean install
java_class_path (initial): C:\Program Files\JetBrains\IntelliJ IDEA 2018.2.1\plugins\maven\lib\maven3\boot\plexus-classworlds-2.5.2.jar;C:\Program Files\JetBrains\IntelliJ IDEA 2018.2.1\lib\idea_rt.jar
Launcher Type: SUN_STANDARD

Environment Variables:
JAVA_HOME=C:\Program Files\Java\jdk-10.0.2
PATH=C:\Program Files\Docker\Docker\Resources\bin;C:\WINDOWS\system32;C:\WINDOWS;C:\WINDOWS\System32\Wbem;C:\WINDOWS\System32\WindowsPowerShell\v1.0\;C:\Program Files\Git\cmd;C:\Program Files\nodejs\;C:\Program Files (x86)\Yarn\bin\;C:\Program Files\Maven\apache-maven-3.5.4\bin;C:\WINDOWS\System32\OpenSSH\;%JAVA_HOME%\bin\bin\bin;C:\Program Files\Java\jdk-10.0.2;C:\Users\newUser\AppData\Local\Microsoft\WindowsApps;
USERNAME=newUser
OS=Windows_NT
PROCESSOR_IDENTIFIER=Intel64 Family 6 Model 37 Stepping 2, GenuineIntel



---------------  S Y S T E M  ---------------

OS: Windows 10.0 , 64 bit Build 17134 (10.0.17134.1)

CPU:total 4 (initial active 4) (2 cores per cpu, 2 threads per core) family 6 model 37 stepping 2, cmov, cx8, fxsr, mmx, sse, sse2, sse3, ssse3, sse4.1, sse4.2, popcnt, aes, clmul, ht, tsc, tscinvbit

Memory: 4k page, physical 8117748k(1157668k free), swap 10165748k(5548k free)

vm_info: Java HotSpot(TM) 64-Bit Server VM (25.181-b13) for windows-amd64 JRE (1.8.0_181-b13), built on Jul  7 2018 04:01:33 by "java_re" with MS VC++ 10.0 (VS2010)

time: Thu Sep 27 12:08:14 2018
elapsed time: 4 seconds (0d 0h 0m 4s)

