#
# There is insufficient memory for the Java Runtime Environment to continue.
# Native memory allocation (malloc) failed to allocate 760016 bytes for Chunk::new
# Possible reasons:
#   The system is out of physical RAM or swap space
#   In 32 bit mode, the process size limit was hit
# Possible solutions:
#   Reduce memory load on the system
#   Increase physical memory or swap space
#   Check if swap backing store is full
#   Use 64 bit Java on a 64 bit OS
#   Decrease Java heap size (-Xmx/-Xms)
#   Decrease number of Java threads
#   Decrease Java thread stack sizes (-Xss)
#   Set larger code cache with -XX:ReservedCodeCacheSize=
# This output file may be truncated or incomplete.
#
#  Out of Memory Error (allocation.cpp:390), pid=8812, tid=0x0000000000001b8c
#
# JRE version: Java(TM) SE Runtime Environment (8.0_181-b13) (build 1.8.0_181-b13)
# Java VM: Java HotSpot(TM) 64-Bit Server VM (25.181-b13 mixed mode windows-amd64 compressed oops)
# Failed to write core dump. Minidumps are not enabled by default on client versions of Windows
#

---------------  T H R E A D  ---------------

Current thread (0x0000000017d5a800):  JavaThread "C2 CompilerThread0" daemon [_thread_in_native, id=7052, stack(0x0000000019870000,0x0000000019970000)]

Stack: [0x0000000019870000,0x0000000019970000]
[error occurred during error reporting (printing stack bounds), id 0xc0000005]

Native frames: (J=compiled Java code, j=interpreted, Vv=VM code, C=native code)


Current CompileTask:
C2:   2952 1881   !   4       java.net.URLClassLoader$1::run (63 bytes)


---------------  P R O C E S S  ---------------

Java Threads: ( => current thread )
  0x0000000019428000 JavaThread "Service Thread" daemon [_thread_blocked, id=900, stack(0x0000000019b70000,0x0000000019c70000)]
  0x0000000017d68800 JavaThread "C1 CompilerThread2" daemon [_thread_blocked, id=6284, stack(0x0000000019a70000,0x0000000019b70000)]
  0x0000000017d5f000 JavaThread "C2 CompilerThread1" daemon [_thread_in_native, id=11580, stack(0x0000000019970000,0x0000000019a70000)]
=>0x0000000017d5a800 JavaThread "C2 CompilerThread0" daemon [_thread_in_native, id=7052, stack(0x0000000019870000,0x0000000019970000)]
  0x00000000193b3000 JavaThread "Monitor Ctrl-Break" daemon [_thread_in_native, id=7544, stack(0x0000000019770000,0x0000000019870000)]
  0x0000000017d25800 JavaThread "Attach Listener" daemon [_thread_blocked, id=9688, stack(0x0000000019270000,0x0000000019370000)]
  0x0000000017d23800 JavaThread "Signal Dispatcher" daemon [_thread_blocked, id=880, stack(0x0000000019170000,0x0000000019270000)]
  0x0000000017d0a800 JavaThread "Finalizer" daemon [_thread_blocked, id=84, stack(0x0000000018f70000,0x0000000019070000)]
  0x0000000017ce9000 JavaThread "Reference Handler" daemon [_thread_blocked, id=12860, stack(0x0000000018e70000,0x0000000018f70000)]
  0x0000000003272800 JavaThread "main" [_thread_in_Java, id=6564, stack(0x0000000002f20000,0x0000000003020000)]

Other Threads:
  0x0000000017ce8000 VMThread [stack: 0x0000000018d70000,0x0000000018e70000] [id=9612]
  0x000000001942f800 WatcherThread [stack: 0x0000000019db0000,0x0000000019eb0000] [id=624]

VM state:not at safepoint (normal execution)

VM Mutex/Monitor currently owned by a thread: None

Heap:
 PSYoungGen      total 68608K, used 57592K [0x00000000d6b80000, 0x00000000db380000, 0x0000000100000000)
  eden space 63488K, 82% used [0x00000000d6b80000,0x00000000d9ec3010,0x00000000da980000)
  from space 5120K, 99% used [0x00000000dae80000,0x00000000db37b380,0x00000000db380000)
  to   space 5120K, 0% used [0x00000000da980000,0x00000000da980000,0x00000000dae80000)
 ParOldGen       total 84992K, used 914K [0x0000000084200000, 0x0000000089500000, 0x00000000d6b80000)
  object space 84992K, 1% used [0x0000000084200000,0x00000000842e4830,0x0000000089500000)
 Metaspace       used 15666K, capacity 15942K, committed 16128K, reserved 1062912K
  class space    used 1930K, capacity 2015K, committed 2048K, reserved 1048576K

Card table byte_map: [0x0000000012730000,0x0000000012b10000] byte_map_base: 0x000000001230f000

Marking Bits: (ParMarkBitMap*) 0x0000000071532d00
 Begin Bits: [0x00000000131b0000, 0x00000000150a8000)
 End Bits:   [0x00000000150a8000, 0x0000000016fa0000)

Polling page: 0x0000000003020000

CodeCache: size=245760Kb used=7072Kb max_used=7072Kb free=238687Kb
 bounds [0x0000000003370000, 0x0000000003a60000, 0x0000000012370000]
 total_blobs=2496 nmethods=2153 adapters=256
 compilation: enabled

Compilation events (10 events):
Event: 2.943 Thread 0x0000000017d68800 2160       3       org.eclipse.aether.graph.Dependency::<init> (49 bytes)
Event: 2.943 Thread 0x0000000017d68800 nmethod 2160 0x0000000003a57990 code [0x0000000003a57b00, 0x0000000003a57e68]
Event: 2.943 Thread 0x0000000017d68800 2161       3       org.apache.maven.repository.internal.ArtifactDescriptorReaderDelegate::convert (194 bytes)
Event: 2.947 Thread 0x0000000017d68800 nmethod 2161 0x0000000003a57f90 code [0x0000000003a58380, 0x0000000003a5a588]
Event: 2.947 Thread 0x0000000017d68800 2162       3       org.eclipse.aether.internal.impl.DefaultRemoteRepositoryManager::getKey (5 bytes)
Event: 2.948 Thread 0x0000000017d68800 nmethod 2162 0x0000000003a5ba50 code [0x0000000003a5bba0, 0x0000000003a5bd90]
Event: 2.948 Thread 0x0000000017d68800 2163       3       java.io.File::hashCode (8 bytes)
Event: 2.948 Thread 0x0000000017d68800 nmethod 2163 0x0000000003a5be50 code [0x0000000003a5bfe0, 0x0000000003a5c358]
Event: 2.948 Thread 0x0000000017d68800 2164       3       java.io.WinNTFileSystem::hashCode (17 bytes)
Event: 2.948 Thread 0x0000000017d68800 nmethod 2164 0x0000000003a5c4d0 code [0x0000000003a5c640, 0x0000000003a5c958]

GC Heap History (4 events):
Event: 0.930 GC heap before
{Heap before GC invocations=1 (full 0):
 PSYoungGen      total 36864K, used 31744K [0x00000000d6b80000, 0x00000000d9480000, 0x0000000100000000)
  eden space 31744K, 100% used [0x00000000d6b80000,0x00000000d8a80000,0x00000000d8a80000)
  from space 5120K, 0% used [0x00000000d8f80000,0x00000000d8f80000,0x00000000d9480000)
  to   space 5120K, 0% used [0x00000000d8a80000,0x00000000d8a80000,0x00000000d8f80000)
 ParOldGen       total 84992K, used 0K [0x0000000084200000, 0x0000000089500000, 0x00000000d6b80000)
  object space 84992K, 0% used [0x0000000084200000,0x0000000084200000,0x0000000089500000)
 Metaspace       used 8093K, capacity 8200K, committed 8320K, reserved 1056768K
  class space    used 1003K, capacity 1052K, committed 1152K, reserved 1048576K
Event: 0.940 GC heap after
Heap after GC invocations=1 (full 0):
 PSYoungGen      total 36864K, used 4597K [0x00000000d6b80000, 0x00000000db380000, 0x0000000100000000)
  eden space 31744K, 0% used [0x00000000d6b80000,0x00000000d6b80000,0x00000000d8a80000)
  from space 5120K, 89% used [0x00000000d8a80000,0x00000000d8efd698,0x00000000d8f80000)
  to   space 5120K, 0% used [0x00000000dae80000,0x00000000dae80000,0x00000000db380000)
 ParOldGen       total 84992K, used 8K [0x0000000084200000, 0x0000000089500000, 0x00000000d6b80000)
  object space 84992K, 0% used [0x0000000084200000,0x0000000084202000,0x0000000089500000)
 Metaspace       used 8093K, capacity 8200K, committed 8320K, reserved 1056768K
  class space    used 1003K, capacity 1052K, committed 1152K, reserved 1048576K
}
Event: 1.480 GC heap before
{Heap before GC invocations=2 (full 0):
 PSYoungGen      total 36864K, used 36341K [0x00000000d6b80000, 0x00000000db380000, 0x0000000100000000)
  eden space 31744K, 100% used [0x00000000d6b80000,0x00000000d8a80000,0x00000000d8a80000)
  from space 5120K, 89% used [0x00000000d8a80000,0x00000000d8efd698,0x00000000d8f80000)
  to   space 5120K, 0% used [0x00000000dae80000,0x00000000dae80000,0x00000000db380000)
 ParOldGen       total 84992K, used 8K [0x0000000084200000, 0x0000000089500000, 0x00000000d6b80000)
  object space 84992K, 0% used [0x0000000084200000,0x0000000084202000,0x0000000089500000)
 Metaspace       used 11154K, capacity 11338K, committed 11520K, reserved 1058816K
  class space    used 1400K, capacity 1479K, committed 1536K, reserved 1048576K
Event: 1.489 GC heap after
Heap after GC invocations=2 (full 0):
 PSYoungGen      total 68608K, used 5100K [0x00000000d6b80000, 0x00000000db380000, 0x0000000100000000)
  eden space 63488K, 0% used [0x00000000d6b80000,0x00000000d6b80000,0x00000000da980000)
  from space 5120K, 99% used [0x00000000dae80000,0x00000000db37b380,0x00000000db380000)
  to   space 5120K, 0% used [0x00000000da980000,0x00000000da980000,0x00000000dae80000)
 ParOldGen       total 84992K, used 914K [0x0000000084200000, 0x0000000089500000, 0x00000000d6b80000)
  object space 84992K, 1% used [0x0000000084200000,0x00000000842e4830,0x0000000089500000)
 Metaspace       used 11154K, capacity 11338K, committed 11520K, reserved 1058816K
  class space    used 1400K, capacity 1479K, committed 1536K, reserved 1048576K
}

Deoptimization events (10 events):
Event: 2.490 Thread 0x0000000003272800 Uncommon trap: reason=unstable_if action=reinterpret pc=0x000000000391c8ac method=org.codehaus.plexus.util.xml.pull.MXParser.nextImpl()I @ 972
Event: 2.492 Thread 0x0000000003272800 Uncommon trap: reason=speculate_class_check action=maybe_recompile pc=0x00000000039adc80 method=java.nio.charset.CharsetDecoder.decode(Ljava/nio/ByteBuffer;Ljava/nio/CharBuffer;Z)Ljava/nio/charset/CoderResult; @ 57
Event: 2.492 Thread 0x0000000003272800 Uncommon trap: reason=class_check action=maybe_recompile pc=0x00000000035fda90 method=java.nio.charset.CharsetDecoder.decode(Ljava/nio/ByteBuffer;Ljava/nio/CharBuffer;Z)Ljava/nio/charset/CoderResult; @ 57
Event: 2.494 Thread 0x0000000003272800 Uncommon trap: reason=speculate_class_check action=maybe_recompile pc=0x0000000003950884 method=java.nio.charset.CharsetDecoder.decode(Ljava/nio/ByteBuffer;Ljava/nio/CharBuffer;Z)Ljava/nio/charset/CoderResult; @ 57
Event: 2.496 Thread 0x0000000003272800 Uncommon trap: reason=speculate_class_check action=maybe_recompile pc=0x0000000003950884 method=java.nio.charset.CharsetDecoder.decode(Ljava/nio/ByteBuffer;Ljava/nio/CharBuffer;Z)Ljava/nio/charset/CoderResult; @ 57
Event: 2.603 Thread 0x0000000003272800 Uncommon trap: reason=unstable_if action=reinterpret pc=0x00000000039321dc method=java.lang.String.trim()Ljava/lang/String; @ 63
Event: 2.660 Thread 0x0000000003272800 Uncommon trap: reason=unstable_if action=reinterpret pc=0x000000000370a684 method=java.util.HashMap.getNode(ILjava/lang/Object;)Ljava/util/HashMap$Node; @ 53
Event: 2.791 Thread 0x0000000003272800 Uncommon trap: reason=bimorphic action=maybe_recompile pc=0x0000000003960710 method=java.util.regex.Pattern$CharProperty.match(Ljava/util/regex/Matcher;ILjava/lang/CharSequence;)Z @ 37
Event: 2.928 Thread 0x0000000003272800 Uncommon trap: reason=bimorphic action=maybe_recompile pc=0x00000000038f0884 method=java.util.concurrent.ConcurrentHashMap.get(Ljava/lang/Object;)Ljava/lang/Object; @ 149
Event: 2.939 Thread 0x0000000003272800 Uncommon trap: reason=bimorphic action=maybe_recompile pc=0x00000000038f0884 method=java.util.concurrent.ConcurrentHashMap.get(Ljava/lang/Object;)Ljava/lang/Object; @ 149

Classes redefined (0 events):
No events

Internal exceptions (10 events):
Event: 0.724 Thread 0x0000000003272800 Exception <a 'java/lang/ArrayIndexOutOfBoundsException'> (0x00000000d815ec60) thrown at [C:\re\workspace\8-2-build-windows-amd64-cygwin\jdk8u181\11358\hotspot\src\share\vm\runtime\sharedRuntime.cpp, line 605]
Event: 0.725 Thread 0x0000000003272800 Exception <a 'java/lang/ArrayIndexOutOfBoundsException': 100> (0x00000000d8160418) thrown at [C:\re\workspace\8-2-build-windows-amd64-cygwin\jdk8u181\11358\hotspot\src\share\vm\interpreter\interpreterRuntime.cpp, line 366]
Event: 0.725 Thread 0x0000000003272800 Exception <a 'java/lang/ArrayIndexOutOfBoundsException': 86> (0x00000000d8161a70) thrown at [C:\re\workspace\8-2-build-windows-amd64-cygwin\jdk8u181\11358\hotspot\src\share\vm\interpreter\interpreterRuntime.cpp, line 366]
Event: 0.725 Thread 0x0000000003272800 Exception <a 'java/lang/ArrayIndexOutOfBoundsException': 24> (0x00000000d8162778) thrown at [C:\re\workspace\8-2-build-windows-amd64-cygwin\jdk8u181\11358\hotspot\src\share\vm\interpreter\interpreterRuntime.cpp, line 366]
Event: 1.752 Thread 0x0000000003272800 Exception <a 'java/lang/NoClassDefFoundError': com/google/inject/servlet/ServletModuleTargetVisitor> (0x00000000d7837620) thrown at [C:\re\workspace\8-2-build-windows-amd64-cygwin\jdk8u181\11358\hotspot\src\share\vm\classfile\systemDictionary.cpp, line 19
Event: 1.752 Thread 0x0000000003272800 Exception <a 'java/lang/NoClassDefFoundError'> (0x00000000d7837620) thrown at [C:\re\workspace\8-2-build-windows-amd64-cygwin\jdk8u181\11358\hotspot\src\share\vm\prims\jvm.cpp, line 1439]
Event: 1.753 Thread 0x0000000003272800 Exception <a 'java/lang/NoClassDefFoundError': javax/annotation/Priority> (0x00000000d783c440) thrown at [C:\re\workspace\8-2-build-windows-amd64-cygwin\jdk8u181\11358\hotspot\src\share\vm\classfile\systemDictionary.cpp, line 199]
Event: 1.940 Thread 0x0000000003272800 Implicit null exception at 0x000000000353019b to 0x0000000003530345
Event: 2.183 Thread 0x0000000003272800 Implicit null exception at 0x000000000371b895 to 0x000000000371ba6d
Event: 2.293 Thread 0x0000000003272800 Implicit null exception at 0x0000000003938bdd to 0x0000000003939d8d

Events (10 events):
Event: 2.873 loading class org/apache/maven/plugin/clean/Cleaner$Result
Event: 2.873 loading class org/apache/maven/plugin/clean/Cleaner$Result done
Event: 2.873 loading class org/apache/maven/plugin/clean/Cleaner$Result
Event: 2.873 loading class org/apache/maven/plugin/clean/Cleaner$Result done
Event: 2.928 Thread 0x0000000003272800 Uncommon trap: trap_request=0xffffffc6 fr.pc=0x00000000038f0884
Event: 2.928 Thread 0x0000000003272800 DEOPT PACKING pc=0x00000000038f0884 sp=0x000000000301d190
Event: 2.928 Thread 0x0000000003272800 DEOPT UNPACKING pc=0x00000000033b583b sp=0x000000000301d108 mode 2
Event: 2.939 Thread 0x0000000003272800 Uncommon trap: trap_request=0xffffffc6 fr.pc=0x00000000038f0884
Event: 2.939 Thread 0x0000000003272800 DEOPT PACKING pc=0x00000000038f0884 sp=0x000000000301ce30
Event: 2.939 Thread 0x0000000003272800 DEOPT UNPACKING pc=0x00000000033b583b sp=0x000000000301cda8 mode 2


Dynamic libraries:
0x00007ff6799b0000 - 0x00007ff6799e7000 	C:\Program Files\Java\jdk1.8.0_181\bin\java.exe
0x00007ffa5dc90000 - 0x00007ffa5de71000 	C:\WINDOWS\SYSTEM32\ntdll.dll
0x00007ffa5d520000 - 0x00007ffa5d5d2000 	C:\WINDOWS\System32\KERNEL32.DLL
0x00007ffa5ab50000 - 0x00007ffa5adc3000 	C:\WINDOWS\System32\KERNELBASE.dll
0x00007ffa5d760000 - 0x00007ffa5d801000 	C:\WINDOWS\System32\ADVAPI32.dll
0x00007ffa5d170000 - 0x00007ffa5d20e000 	C:\WINDOWS\System32\msvcrt.dll
0x00007ffa5d4c0000 - 0x00007ffa5d51b000 	C:\WINDOWS\System32\sechost.dll
0x00007ffa5b510000 - 0x00007ffa5b634000 	C:\WINDOWS\System32\RPCRT4.dll
0x00007ffa5b740000 - 0x00007ffa5b8d0000 	C:\WINDOWS\System32\USER32.dll
0x00007ffa5aa90000 - 0x00007ffa5aab0000 	C:\WINDOWS\System32\win32u.dll
0x00007ffa5d880000 - 0x00007ffa5d8a8000 	C:\WINDOWS\System32\GDI32.dll
0x00007ffa5af80000 - 0x00007ffa5b112000 	C:\WINDOWS\System32\gdi32full.dll
0x00007ffa5aab0000 - 0x00007ffa5ab4f000 	C:\WINDOWS\System32\msvcp_win.dll
0x00007ffa5ae80000 - 0x00007ffa5af7a000 	C:\WINDOWS\System32\ucrtbase.dll
0x00007ffa433e0000 - 0x00007ffa43649000 	C:\WINDOWS\WinSxS\amd64_microsoft.windows.common-controls_6595b64144ccf1df_6.0.17134.285_none_fb4297e330656775\COMCTL32.dll
0x00007ffa5d8b0000 - 0x00007ffa5dbd3000 	C:\WINDOWS\System32\combase.dll
0x00007ffa5aa10000 - 0x00007ffa5aa8a000 	C:\WINDOWS\System32\bcryptPrimitives.dll
0x00007ffa5b300000 - 0x00007ffa5b32d000 	C:\WINDOWS\System32\IMM32.DLL
0x00000000715c0000 - 0x0000000071692000 	C:\Program Files\Java\jdk1.8.0_181\jre\bin\msvcr100.dll
0x0000000070d10000 - 0x00000000715b2000 	C:\Program Files\Java\jdk1.8.0_181\jre\bin\server\jvm.dll
0x00007ffa5b4a0000 - 0x00007ffa5b4a8000 	C:\WINDOWS\System32\PSAPI.DLL
0x00007ffa3e380000 - 0x00007ffa3e389000 	C:\WINDOWS\SYSTEM32\WSOCK32.dll
0x00007ffa581f0000 - 0x00007ffa58213000 	C:\WINDOWS\SYSTEM32\WINMM.dll
0x00007ffa5d810000 - 0x00007ffa5d87c000 	C:\WINDOWS\System32\WS2_32.dll
0x00007ffa52590000 - 0x00007ffa5259a000 	C:\WINDOWS\SYSTEM32\VERSION.dll
0x00007ffa580d0000 - 0x00007ffa580fa000 	C:\WINDOWS\SYSTEM32\WINMMBASE.dll
0x00007ffa5a9c0000 - 0x00007ffa5aa09000 	C:\WINDOWS\System32\cfgmgr32.dll
0x0000000070d00000 - 0x0000000070d0f000 	C:\Program Files\Java\jdk1.8.0_181\jre\bin\verify.dll
0x0000000070cd0000 - 0x0000000070cf9000 	C:\Program Files\Java\jdk1.8.0_181\jre\bin\java.dll
0x0000000070c40000 - 0x0000000070c63000 	C:\Program Files\Java\jdk1.8.0_181\jre\bin\instrument.dll
0x0000000070cb0000 - 0x0000000070cc6000 	C:\Program Files\Java\jdk1.8.0_181\jre\bin\zip.dll
0x00007ffa5bd30000 - 0x00007ffa5d170000 	C:\WINDOWS\System32\SHELL32.dll
0x00007ffa5d5e0000 - 0x00007ffa5d689000 	C:\WINDOWS\System32\shcore.dll
0x00007ffa5a250000 - 0x00007ffa5a95d000 	C:\WINDOWS\System32\windows.storage.dll
0x00007ffa5b2a0000 - 0x00007ffa5b2f1000 	C:\WINDOWS\System32\shlwapi.dll
0x00007ffa5a040000 - 0x00007ffa5a051000 	C:\WINDOWS\System32\kernel.appcore.dll
0x00007ffa59fd0000 - 0x00007ffa59fef000 	C:\WINDOWS\System32\profapi.dll
0x00007ffa59ff0000 - 0x00007ffa5a03c000 	C:\WINDOWS\System32\powrprof.dll
0x00007ffa59fa0000 - 0x00007ffa59faa000 	C:\WINDOWS\System32\FLTLIB.DLL
0x00007ffa554c0000 - 0x00007ffa554da000 	C:\Program Files\JetBrains\IntelliJ IDEA 2018.2.1\bin\breakgen64.dll
0x0000000070c90000 - 0x0000000070caa000 	C:\Program Files\Java\jdk1.8.0_181\jre\bin\net.dll
0x00007ffa59770000 - 0x00007ffa597d6000 	C:\WINDOWS\system32\mswsock.dll
0x0000000070c70000 - 0x0000000070c81000 	C:\Program Files\Java\jdk1.8.0_181\jre\bin\nio.dll

VM Arguments:
jvm_args: -Dmaven.multiModuleProjectDirectory=C:\Users\newUser\Desktop\TODO_v2.0 -Dmaven.home=C:\Program Files\JetBrains\IntelliJ IDEA 2018.2.1\plugins\maven\lib\maven3 -Dclassworlds.conf=C:\Program Files\JetBrains\IntelliJ IDEA 2018.2.1\plugins\maven\lib\maven3\bin\m2.conf -javaagent:C:\Program Files\JetBrains\IntelliJ IDEA 2018.2.1\lib\idea_rt.jar=50547:C:\Program Files\JetBrains\IntelliJ IDEA 2018.2.1\bin -Dfile.encoding=UTF-8 
java_command: org.codehaus.classworlds.Launcher -Didea.version=2018.2.1 clean install
java_class_path (initial): C:\Program Files\JetBrains\IntelliJ IDEA 2018.2.1\plugins\maven\lib\maven3\boot\plexus-classworlds-2.5.2.jar;C:\Program Files\JetBrains\IntelliJ IDEA 2018.2.1\lib\idea_rt.jar
Launcher Type: SUN_STANDARD

Environment Variables:
JAVA_HOME=C:\Program Files\Java\jdk-10.0.2
PATH=C:\Program Files\Docker\Docker\Resources\bin;C:\WINDOWS\system32;C:\WINDOWS;C:\WINDOWS\System32\Wbem;C:\WINDOWS\System32\WindowsPowerShell\v1.0\;C:\Program Files\Git\cmd;C:\Program Files\nodejs\;C:\Program Files (x86)\Yarn\bin\;C:\Program Files\Maven\apache-maven-3.5.4\bin;C:\WINDOWS\System32\OpenSSH\;%JAVA_HOME%\bin\bin\bin;C:\Program Files\Java\jdk-10.0.2;C:\Users\newUser\AppData\Local\Microsoft\WindowsApps;
USERNAME=newUser
OS=Windows_NT
PROCESSOR_IDENTIFIER=Intel64 Family 6 Model 37 Stepping 2, GenuineIntel



---------------  S Y S T E M  ---------------

OS: Windows 10.0 , 64 bit Build 17134 (10.0.17134.1)

CPU:total 4 (initial active 4) (2 cores per cpu, 2 threads per core) family 6 model 37 stepping 2, cmov, cx8, fxsr, mmx, sse, sse2, sse3, ssse3, sse4.1, sse4.2, popcnt, aes, clmul, ht, tsc, tscinvbit

Memory: 4k page, physical 8117748k(1141012k free), swap 10165748k(5620k free)

vm_info: Java HotSpot(TM) 64-Bit Server VM (25.181-b13) for windows-amd64 JRE (1.8.0_181-b13), built on Jul  7 2018 04:01:33 by "java_re" with MS VC++ 10.0 (VS2010)

time: Mon Oct 01 10:37:22 2018
elapsed time: 2 seconds (0d 0h 0m 2s)

