#
# There is insufficient memory for the Java Runtime Environment to continue.
# Native memory allocation (malloc) failed to allocate 32744 bytes for ChunkPool::allocate
# Possible reasons:
#   The system is out of physical RAM or swap space
#   In 32 bit mode, the process size limit was hit
# Possible solutions:
#   Reduce memory load on the system
#   Increase physical memory or swap space
#   Check if swap backing store is full
#   Use 64 bit Java on a 64 bit OS
#   Decrease Java heap size (-Xmx/-Xms)
#   Decrease number of Java threads
#   Decrease Java thread stack sizes (-Xss)
#   Set larger code cache with -XX:ReservedCodeCacheSize=
# This output file may be truncated or incomplete.
#
#  Out of Memory Error (allocation.cpp:273), pid=11528, tid=0x00000000000031ec
#
# JRE version: Java(TM) SE Runtime Environment (8.0_181-b13) (build 1.8.0_181-b13)
# Java VM: Java HotSpot(TM) 64-Bit Server VM (25.181-b13 mixed mode windows-amd64 compressed oops)
# Failed to write core dump. Minidumps are not enabled by default on client versions of Windows
#

---------------  T H R E A D  ---------------

Current thread (0x0000000017456000):  JavaThread "C2 CompilerThread1" daemon [_thread_in_native, id=12780, stack(0x0000000019060000,0x0000000019160000)]

Stack: [0x0000000019060000,0x0000000019160000]
[error occurred during error reporting (printing stack bounds), id 0xc0000005]

Native frames: (J=compiled Java code, j=interpreted, Vv=VM code, C=native code)


Current CompileTask:
C2:  11969 2850       4       java.net.URLClassLoader$1::run (5 bytes)


---------------  P R O C E S S  ---------------

Java Threads: ( => current thread )
  0x0000000018b2c000 JavaThread "Service Thread" daemon [_thread_blocked, id=8728, stack(0x0000000019260000,0x0000000019360000)]
  0x0000000017457800 JavaThread "C1 CompilerThread2" daemon [_thread_blocked, id=7208, stack(0x0000000019160000,0x0000000019260000)]
=>0x0000000017456000 JavaThread "C2 CompilerThread1" daemon [_thread_in_native, id=12780, stack(0x0000000019060000,0x0000000019160000)]
  0x0000000017451800 JavaThread "C2 CompilerThread0" daemon [_thread_in_native, id=7540, stack(0x0000000018f60000,0x0000000019060000)]
  0x000000001743b800 JavaThread "Monitor Ctrl-Break" daemon [_thread_in_native, id=2432, stack(0x0000000018e60000,0x0000000018f60000)]
  0x0000000017415800 JavaThread "Attach Listener" daemon [_thread_blocked, id=7536, stack(0x0000000018960000,0x0000000018a60000)]
  0x0000000017413800 JavaThread "Signal Dispatcher" daemon [_thread_blocked, id=6260, stack(0x0000000018860000,0x0000000018960000)]
  0x0000000002a5c000 JavaThread "Finalizer" daemon [_thread_blocked, id=13016, stack(0x0000000018660000,0x0000000018760000)]
  0x00000000173d9000 JavaThread "Reference Handler" daemon [_thread_blocked, id=8156, stack(0x0000000018560000,0x0000000018660000)]
  0x0000000002962800 JavaThread "main" [_thread_in_native, id=11244, stack(0x0000000002620000,0x0000000002720000)]

Other Threads:
  0x00000000173d8000 VMThread [stack: 0x0000000018460000,0x0000000018560000] [id=7380]
  0x0000000018b30800 WatcherThread [stack: 0x00000000194a0000,0x00000000195a0000] [id=1952]

VM state:not at safepoint (normal execution)

VM Mutex/Monitor currently owned by a thread: None

Heap:
 PSYoungGen      total 36352K, used 16782K [0x00000000d6b80000, 0x00000000d9b00000, 0x0000000100000000)
  eden space 31232K, 37% used [0x00000000d6b80000,0x00000000d76eba50,0x00000000d8a00000)
  from space 5120K, 99% used [0x00000000d8a80000,0x00000000d8f78040,0x00000000d8f80000)
  to   space 8704K, 0% used [0x00000000d9280000,0x00000000d9280000,0x00000000d9b00000)
 ParOldGen       total 84992K, used 7368K [0x0000000084200000, 0x0000000089500000, 0x00000000d6b80000)
  object space 84992K, 8% used [0x0000000084200000,0x0000000084932200,0x0000000089500000)
 Metaspace       used 19932K, capacity 20390K, committed 20608K, reserved 1067008K
  class space    used 2448K, capacity 2583K, committed 2688K, reserved 1048576K

Card table byte_map: [0x0000000011e20000,0x0000000012200000] byte_map_base: 0x00000000119ff000

Marking Bits: (ParMarkBitMap*) 0x0000000071532d00
 Begin Bits: [0x00000000128a0000, 0x0000000014798000)
 End Bits:   [0x0000000014798000, 0x0000000016690000)

Polling page: 0x0000000000db0000

CodeCache: size=245760Kb used=9678Kb max_used=9897Kb free=236081Kb
 bounds [0x0000000002a60000, 0x0000000003420000, 0x0000000011a60000]
 total_blobs=3188 nmethods=2821 adapters=279
 compilation: enabled

Compilation events (10 events):
Event: 11.730 Thread 0x0000000017457800 2879       3       com.sun.tools.javac.util.Names::fromString (9 bytes)
Event: 11.730 Thread 0x0000000017457800 nmethod 2879 0x0000000002c0a250 code [0x0000000002c0a3e0, 0x0000000002c0a918]
Event: 11.730 Thread 0x0000000017457800 2880       3       com.sun.tools.javac.util.Name$Table::fromString (14 bytes)
Event: 11.731 Thread 0x0000000017457800 nmethod 2880 0x0000000002bf89d0 code [0x0000000002bf8b60, 0x0000000002bf8f98]
Event: 11.732 Thread 0x0000000017457800 2883       3       com.sun.tools.javac.util.Context::uncheckedCast (2 bytes)
Event: 11.733 Thread 0x0000000017457800 nmethod 2883 0x0000000002b92a50 code [0x0000000002b92ba0, 0x0000000002b92cd0]
Event: 11.758 Thread 0x0000000017457800 2884       3       com.sun.tools.javac.util.Context::get (82 bytes)
Event: 11.760 Thread 0x0000000017457800 nmethod 2884 0x0000000002bb7b50 code [0x0000000002bb7dc0, 0x0000000002bb8cd8]
Event: 11.853 Thread 0x0000000017457800 2885   !   3       java.util.jar.JarFile::getBytes (96 bytes)
Event: 11.853 Thread 0x0000000017457800 nmethod 2885 0x0000000002b847d0 code [0x0000000002b849a0, 0x0000000002b85118]

GC Heap History (10 events):
Event: 1.312 GC heap before
{Heap before GC invocations=1 (full 0):
 PSYoungGen      total 36864K, used 31744K [0x00000000d6b80000, 0x00000000d9480000, 0x0000000100000000)
  eden space 31744K, 100% used [0x00000000d6b80000,0x00000000d8a80000,0x00000000d8a80000)
  from space 5120K, 0% used [0x00000000d8f80000,0x00000000d8f80000,0x00000000d9480000)
  to   space 5120K, 0% used [0x00000000d8a80000,0x00000000d8a80000,0x00000000d8f80000)
 ParOldGen       total 84992K, used 0K [0x0000000084200000, 0x0000000089500000, 0x00000000d6b80000)
  object space 84992K, 0% used [0x0000000084200000,0x0000000084200000,0x0000000089500000)
 Metaspace       used 8099K, capacity 8200K, committed 8320K, reserved 1056768K
  class space    used 1003K, capacity 1052K, committed 1152K, reserved 1048576K
Event: 1.318 GC heap after
Heap after GC invocations=1 (full 0):
 PSYoungGen      total 36864K, used 4595K [0x00000000d6b80000, 0x00000000d9480000, 0x0000000100000000)
  eden space 31744K, 0% used [0x00000000d6b80000,0x00000000d6b80000,0x00000000d8a80000)
  from space 5120K, 89% used [0x00000000d8a80000,0x00000000d8efcd10,0x00000000d8f80000)
  to   space 5120K, 0% used [0x00000000d8f80000,0x00000000d8f80000,0x00000000d9480000)
 ParOldGen       total 84992K, used 8K [0x0000000084200000, 0x0000000089500000, 0x00000000d6b80000)
  object space 84992K, 0% used [0x0000000084200000,0x0000000084202000,0x0000000089500000)
 Metaspace       used 8099K, capacity 8200K, committed 8320K, reserved 1056768K
  class space    used 1003K, capacity 1052K, committed 1152K, reserved 1048576K
}
Event: 1.825 GC heap before
{Heap before GC invocations=2 (full 0):
 PSYoungGen      total 36864K, used 36339K [0x00000000d6b80000, 0x00000000d9480000, 0x0000000100000000)
  eden space 31744K, 100% used [0x00000000d6b80000,0x00000000d8a80000,0x00000000d8a80000)
  from space 5120K, 89% used [0x00000000d8a80000,0x00000000d8efcd10,0x00000000d8f80000)
  to   space 5120K, 0% used [0x00000000d8f80000,0x00000000d8f80000,0x00000000d9480000)
 ParOldGen       total 84992K, used 8K [0x0000000084200000, 0x0000000089500000, 0x00000000d6b80000)
  object space 84992K, 0% used [0x0000000084200000,0x0000000084202000,0x0000000089500000)
 Metaspace       used 11139K, capacity 11338K, committed 11520K, reserved 1058816K
  class space    used 1399K, capacity 1479K, committed 1536K, reserved 1048576K
Event: 1.833 GC heap after
Heap after GC invocations=2 (full 0):
 PSYoungGen      total 36864K, used 5100K [0x00000000d6b80000, 0x00000000db380000, 0x0000000100000000)
  eden space 31744K, 0% used [0x00000000d6b80000,0x00000000d6b80000,0x00000000d8a80000)
  from space 5120K, 99% used [0x00000000d8f80000,0x00000000d947b380,0x00000000d9480000)
  to   space 5120K, 0% used [0x00000000d8a80000,0x00000000d8a80000,0x00000000d8f80000)
 ParOldGen       total 84992K, used 947K [0x0000000084200000, 0x0000000089500000, 0x00000000d6b80000)
  object space 84992K, 1% used [0x0000000084200000,0x00000000842ecfc8,0x0000000089500000)
 Metaspace       used 11139K, capacity 11338K, committed 11520K, reserved 1058816K
  class space    used 1399K, capacity 1479K, committed 1536K, reserved 1048576K
}
Event: 3.451 GC heap before
{Heap before GC invocations=3 (full 0):
 PSYoungGen      total 36864K, used 36844K [0x00000000d6b80000, 0x00000000db380000, 0x0000000100000000)
  eden space 31744K, 100% used [0x00000000d6b80000,0x00000000d8a80000,0x00000000d8a80000)
  from space 5120K, 99% used [0x00000000d8f80000,0x00000000d947b380,0x00000000d9480000)
  to   space 5120K, 0% used [0x00000000d8a80000,0x00000000d8a80000,0x00000000d8f80000)
 ParOldGen       total 84992K, used 947K [0x0000000084200000, 0x0000000089500000, 0x00000000d6b80000)
  object space 84992K, 1% used [0x0000000084200000,0x00000000842ecfc8,0x0000000089500000)
 Metaspace       used 14990K, capacity 15266K, committed 15616K, reserved 1062912K
  class space    used 1847K, capacity 1941K, committed 2048K, reserved 1048576K
Event: 3.462 GC heap after
Heap after GC invocations=3 (full 0):
 PSYoungGen      total 36864K, used 5096K [0x00000000d6b80000, 0x00000000d9480000, 0x0000000100000000)
  eden space 31744K, 0% used [0x00000000d6b80000,0x00000000d6b80000,0x00000000d8a80000)
  from space 5120K, 99% used [0x00000000d8a80000,0x00000000d8f7a230,0x00000000d8f80000)
  to   space 5120K, 0% used [0x00000000d8f80000,0x00000000d8f80000,0x00000000d9480000)
 ParOldGen       total 84992K, used 3359K [0x0000000084200000, 0x0000000089500000, 0x00000000d6b80000)
  object space 84992K, 3% used [0x0000000084200000,0x0000000084547e78,0x0000000089500000)
 Metaspace       used 14990K, capacity 15266K, committed 15616K, reserved 1062912K
  class space    used 1847K, capacity 1941K, committed 2048K, reserved 1048576K
}
Event: 8.525 GC heap before
{Heap before GC invocations=4 (full 0):
 PSYoungGen      total 36864K, used 36840K [0x00000000d6b80000, 0x00000000d9480000, 0x0000000100000000)
  eden space 31744K, 100% used [0x00000000d6b80000,0x00000000d8a80000,0x00000000d8a80000)
  from space 5120K, 99% used [0x00000000d8a80000,0x00000000d8f7a230,0x00000000d8f80000)
  to   space 5120K, 0% used [0x00000000d8f80000,0x00000000d8f80000,0x00000000d9480000)
 ParOldGen       total 84992K, used 3359K [0x0000000084200000, 0x0000000089500000, 0x00000000d6b80000)
  object space 84992K, 3% used [0x0000000084200000,0x0000000084547e78,0x0000000089500000)
 Metaspace       used 15935K, capacity 16254K, committed 16512K, reserved 1062912K
  class space    used 1948K, capacity 2055K, committed 2176K, reserved 1048576K
Event: 8.545 GC heap after
Heap after GC invocations=4 (full 0):
 PSYoungGen      total 36864K, used 5104K [0x00000000d6b80000, 0x00000000d9480000, 0x0000000100000000)
  eden space 31744K, 0% used [0x00000000d6b80000,0x00000000d6b80000,0x00000000d8a80000)
  from space 5120K, 99% used [0x00000000d8f80000,0x00000000d947c030,0x00000000d9480000)
  to   space 5120K, 0% used [0x00000000d8a80000,0x00000000d8a80000,0x00000000d8f80000)
 ParOldGen       total 84992K, used 5324K [0x0000000084200000, 0x0000000089500000, 0x00000000d6b80000)
  object space 84992K, 6% used [0x0000000084200000,0x00000000847331f0,0x0000000089500000)
 Metaspace       used 15935K, capacity 16254K, committed 16512K, reserved 1062912K
  class space    used 1948K, capacity 2055K, committed 2176K, reserved 1048576K
}
Event: 11.284 GC heap before
{Heap before GC invocations=5 (full 0):
 PSYoungGen      total 36864K, used 36848K [0x00000000d6b80000, 0x00000000d9480000, 0x0000000100000000)
  eden space 31744K, 100% used [0x00000000d6b80000,0x00000000d8a80000,0x00000000d8a80000)
  from space 5120K, 99% used [0x00000000d8f80000,0x00000000d947c030,0x00000000d9480000)
  to   space 5120K, 0% used [0x00000000d8a80000,0x00000000d8a80000,0x00000000d8f80000)
 ParOldGen       total 84992K, used 5324K [0x0000000084200000, 0x0000000089500000, 0x00000000d6b80000)
  object space 84992K, 6% used [0x0000000084200000,0x00000000847331f0,0x0000000089500000)
 Metaspace       used 17292K, capacity 17670K, committed 17920K, reserved 1064960K
  class space    used 2089K, capacity 2231K, committed 2304K, reserved 1048576K
Event: 11.306 GC heap after
Heap after GC invocations=5 (full 0):
 PSYoungGen      total 36352K, used 5088K [0x00000000d6b80000, 0x00000000d9b00000, 0x0000000100000000)
  eden space 31232K, 0% used [0x00000000d6b80000,0x00000000d6b80000,0x00000000d8a00000)
  from space 5120K, 99% used [0x00000000d8a80000,0x00000000d8f78040,0x00000000d8f80000)
  to   space 8704K, 0% used [0x00000000d9280000,0x00000000d9280000,0x00000000d9b00000)
 ParOldGen       total 84992K, used 7368K [0x0000000084200000, 0x0000000089500000, 0x00000000d6b80000)
  object space 84992K, 8% used [0x0000000084200000,0x0000000084932200,0x0000000089500000)
 Metaspace       used 17292K, capacity 17670K, committed 17920K, reserved 1064960K
  class space    used 2089K, capacity 2231K, committed 2304K, reserved 1048576K
}

Deoptimization events (10 events):
Event: 5.891 Thread 0x0000000002962800 Uncommon trap: reason=bimorphic action=maybe_recompile pc=0x0000000003074590 method=java.util.regex.Pattern$CharProperty.match(Ljava/util/regex/Matcher;ILjava/lang/CharSequence;)Z @ 37
Event: 6.126 Thread 0x0000000002962800 Uncommon trap: reason=bimorphic action=maybe_recompile pc=0x0000000002fcbd04 method=java.util.concurrent.ConcurrentHashMap.get(Ljava/lang/Object;)Ljava/lang/Object; @ 149
Event: 6.159 Thread 0x0000000002962800 Uncommon trap: reason=bimorphic action=maybe_recompile pc=0x0000000002fcbd04 method=java.util.concurrent.ConcurrentHashMap.get(Ljava/lang/Object;)Ljava/lang/Object; @ 149
Event: 6.204 Thread 0x0000000002962800 Uncommon trap: reason=bimorphic action=maybe_recompile pc=0x0000000002fcbd04 method=java.util.concurrent.ConcurrentHashMap.get(Ljava/lang/Object;)Ljava/lang/Object; @ 149
Event: 6.512 Thread 0x0000000002962800 Uncommon trap: reason=bimorphic action=maybe_recompile pc=0x0000000002fcbd04 method=java.util.concurrent.ConcurrentHashMap.get(Ljava/lang/Object;)Ljava/lang/Object; @ 149
Event: 8.522 Thread 0x0000000002962800 Uncommon trap: reason=bimorphic action=maybe_recompile pc=0x0000000003074590 method=java.util.regex.Pattern$CharProperty.match(Ljava/util/regex/Matcher;ILjava/lang/CharSequence;)Z @ 37
Event: 11.086 Thread 0x0000000002962800 Uncommon trap: reason=bimorphic action=maybe_recompile pc=0x0000000003074590 method=java.util.regex.Pattern$CharProperty.match(Ljava/util/regex/Matcher;ILjava/lang/CharSequence;)Z @ 37
Event: 11.096 Thread 0x0000000002962800 Uncommon trap: reason=unstable_if action=reinterpret pc=0x00000000033307b8 method=com.google.inject.internal.InjectorImpl.callInContext(Lcom/google/inject/internal/ContextualCallable;)Ljava/lang/Object; @ 161
Event: 11.158 Thread 0x0000000002962800 Uncommon trap: reason=predicate action=maybe_recompile pc=0x0000000003165370 method=sun.misc.Resource.getBytes()[B @ 53
Event: 11.163 Thread 0x0000000002962800 Uncommon trap: reason=predicate action=maybe_recompile pc=0x00000000031426bc method=sun.misc.Resource.getBytes()[B @ 53

Classes redefined (0 events):
No events

Internal exceptions (10 events):
Event: 1.185 Thread 0x0000000002962800 Exception <a 'java/lang/ArrayIndexOutOfBoundsException': 100> (0x00000000d8163770) thrown at [C:\re\workspace\8-2-build-windows-amd64-cygwin\jdk8u181\11358\hotspot\src\share\vm\interpreter\interpreterRuntime.cpp, line 366]
Event: 1.185 Thread 0x0000000002962800 Exception <a 'java/lang/ArrayIndexOutOfBoundsException': 86> (0x00000000d8164dc8) thrown at [C:\re\workspace\8-2-build-windows-amd64-cygwin\jdk8u181\11358\hotspot\src\share\vm\interpreter\interpreterRuntime.cpp, line 366]
Event: 2.122 Thread 0x0000000002962800 Exception <a 'java/lang/NoClassDefFoundError': com/google/inject/servlet/ServletModuleTargetVisitor> (0x00000000d7804688) thrown at [C:\re\workspace\8-2-build-windows-amd64-cygwin\jdk8u181\11358\hotspot\src\share\vm\classfile\systemDictionary.cpp, line 19
Event: 2.122 Thread 0x0000000002962800 Exception <a 'java/lang/NoClassDefFoundError'> (0x00000000d7804688) thrown at [C:\re\workspace\8-2-build-windows-amd64-cygwin\jdk8u181\11358\hotspot\src\share\vm\prims\jvm.cpp, line 1439]
Event: 2.123 Thread 0x0000000002962800 Exception <a 'java/lang/NoClassDefFoundError': javax/annotation/Priority> (0x00000000d78094a8) thrown at [C:\re\workspace\8-2-build-windows-amd64-cygwin\jdk8u181\11358\hotspot\src\share\vm\classfile\systemDictionary.cpp, line 199]
Event: 2.353 Thread 0x0000000002962800 Implicit null exception at 0x0000000002c2249b to 0x0000000002c22645
Event: 2.880 Thread 0x0000000002962800 Implicit null exception at 0x0000000002dfa895 to 0x0000000002dfaa6d
Event: 3.180 Thread 0x0000000002962800 Implicit null exception at 0x000000000303d21d to 0x000000000303e3c9
Event: 11.096 Thread 0x0000000002962800 Implicit null exception at 0x000000000332f635 to 0x000000000333079d
Event: 11.153 Thread 0x0000000002962800 Exception <a 'java/lang/ClassNotFoundException': com/sun/tools/javac/api/JavacTool> (0x00000000d881f860) thrown at [C:\re\workspace\8-2-build-windows-amd64-cygwin\jdk8u181\11358\hotspot\src\share\vm\classfile\systemDictionary.cpp, line 210]

Events (10 events):
Event: 11.764 loading class com/sun/tools/javac/api/MultiTaskListener
Event: 11.764 loading class com/sun/tools/javac/api/MultiTaskListener done
Event: 11.764 loading class com/sun/tools/javac/file/Locations$Path
Event: 11.764 loading class com/sun/tools/javac/file/Locations$Path done
Event: 11.765 Executing VM operation: Deoptimize
Event: 11.765 Executing VM operation: Deoptimize done
Event: 11.766 loading class com/sun/tools/javac/util/ListBuffer$1
Event: 11.766 loading class com/sun/tools/javac/util/ListBuffer$1 done
Event: 11.769 loading class com/sun/tools/javac/util/StringUtils
Event: 11.769 loading class com/sun/tools/javac/util/StringUtils done


Dynamic libraries:
0x00007ff6799b0000 - 0x00007ff6799e7000 	C:\Program Files\Java\jdk1.8.0_181\bin\java.exe
0x00007ffa5dc90000 - 0x00007ffa5de71000 	C:\WINDOWS\SYSTEM32\ntdll.dll
0x00007ffa5d520000 - 0x00007ffa5d5d2000 	C:\WINDOWS\System32\KERNEL32.DLL
0x00007ffa5ab50000 - 0x00007ffa5adc3000 	C:\WINDOWS\System32\KERNELBASE.dll
0x00007ffa5d760000 - 0x00007ffa5d801000 	C:\WINDOWS\System32\ADVAPI32.dll
0x00007ffa5d170000 - 0x00007ffa5d20e000 	C:\WINDOWS\System32\msvcrt.dll
0x00007ffa5d4c0000 - 0x00007ffa5d51b000 	C:\WINDOWS\System32\sechost.dll
0x00007ffa5b510000 - 0x00007ffa5b634000 	C:\WINDOWS\System32\RPCRT4.dll
0x00007ffa5b740000 - 0x00007ffa5b8d0000 	C:\WINDOWS\System32\USER32.dll
0x00007ffa5aa90000 - 0x00007ffa5aab0000 	C:\WINDOWS\System32\win32u.dll
0x00007ffa5d880000 - 0x00007ffa5d8a8000 	C:\WINDOWS\System32\GDI32.dll
0x00007ffa5af80000 - 0x00007ffa5b112000 	C:\WINDOWS\System32\gdi32full.dll
0x00007ffa5aab0000 - 0x00007ffa5ab4f000 	C:\WINDOWS\System32\msvcp_win.dll
0x00007ffa5ae80000 - 0x00007ffa5af7a000 	C:\WINDOWS\System32\ucrtbase.dll
0x00007ffa433e0000 - 0x00007ffa43649000 	C:\WINDOWS\WinSxS\amd64_microsoft.windows.common-controls_6595b64144ccf1df_6.0.17134.285_none_fb4297e330656775\COMCTL32.dll
0x00007ffa5d8b0000 - 0x00007ffa5dbd3000 	C:\WINDOWS\System32\combase.dll
0x00007ffa5aa10000 - 0x00007ffa5aa8a000 	C:\WINDOWS\System32\bcryptPrimitives.dll
0x00007ffa5b300000 - 0x00007ffa5b32d000 	C:\WINDOWS\System32\IMM32.DLL
0x00000000715c0000 - 0x0000000071692000 	C:\Program Files\Java\jdk1.8.0_181\jre\bin\msvcr100.dll
0x0000000070d10000 - 0x00000000715b2000 	C:\Program Files\Java\jdk1.8.0_181\jre\bin\server\jvm.dll
0x00007ffa5b4a0000 - 0x00007ffa5b4a8000 	C:\WINDOWS\System32\PSAPI.DLL
0x00007ffa581f0000 - 0x00007ffa58213000 	C:\WINDOWS\SYSTEM32\WINMM.dll
0x00007ffa52590000 - 0x00007ffa5259a000 	C:\WINDOWS\SYSTEM32\VERSION.dll
0x00007ffa580d0000 - 0x00007ffa580fa000 	C:\WINDOWS\SYSTEM32\WINMMBASE.dll
0x00007ffa5a9c0000 - 0x00007ffa5aa09000 	C:\WINDOWS\System32\cfgmgr32.dll
0x00007ffa3e380000 - 0x00007ffa3e389000 	C:\WINDOWS\SYSTEM32\WSOCK32.dll
0x0000000000d20000 - 0x0000000000d8c000 	C:\WINDOWS\System32\ws2_32.DLL
0x0000000070d00000 - 0x0000000070d0f000 	C:\Program Files\Java\jdk1.8.0_181\jre\bin\verify.dll
0x0000000070cd0000 - 0x0000000070cf9000 	C:\Program Files\Java\jdk1.8.0_181\jre\bin\java.dll
0x0000000070c40000 - 0x0000000070c63000 	C:\Program Files\Java\jdk1.8.0_181\jre\bin\instrument.dll
0x0000000070cb0000 - 0x0000000070cc6000 	C:\Program Files\Java\jdk1.8.0_181\jre\bin\zip.dll
0x00007ffa5bd30000 - 0x00007ffa5d170000 	C:\WINDOWS\System32\SHELL32.dll
0x00007ffa5d5e0000 - 0x00007ffa5d689000 	C:\WINDOWS\System32\shcore.dll
0x00007ffa5a250000 - 0x00007ffa5a95d000 	C:\WINDOWS\System32\windows.storage.dll
0x00007ffa5b2a0000 - 0x00007ffa5b2f1000 	C:\WINDOWS\System32\shlwapi.dll
0x00007ffa5a040000 - 0x00007ffa5a051000 	C:\WINDOWS\System32\kernel.appcore.dll
0x00007ffa59fd0000 - 0x00007ffa59fef000 	C:\WINDOWS\System32\profapi.dll
0x00007ffa59ff0000 - 0x00007ffa5a03c000 	C:\WINDOWS\System32\powrprof.dll
0x00007ffa59fa0000 - 0x00007ffa59faa000 	C:\WINDOWS\System32\FLTLIB.DLL
0x00007ffa554c0000 - 0x00007ffa554da000 	C:\Program Files\JetBrains\IntelliJ IDEA 2018.2.1\bin\breakgen64.dll
0x0000000070c90000 - 0x0000000070caa000 	C:\Program Files\Java\jdk1.8.0_181\jre\bin\net.dll
0x00007ffa59770000 - 0x00007ffa597d6000 	C:\WINDOWS\system32\mswsock.dll
0x0000000070c70000 - 0x0000000070c81000 	C:\Program Files\Java\jdk1.8.0_181\jre\bin\nio.dll

VM Arguments:
jvm_args: -Dmaven.multiModuleProjectDirectory=C:\Users\newUser\Desktop\TODO_v2.0 -Dmaven.home=C:\Program Files\JetBrains\IntelliJ IDEA 2018.2.1\plugins\maven\lib\maven3 -Dclassworlds.conf=C:\Program Files\JetBrains\IntelliJ IDEA 2018.2.1\plugins\maven\lib\maven3\bin\m2.conf -javaagent:C:\Program Files\JetBrains\IntelliJ IDEA 2018.2.1\lib\idea_rt.jar=50495:C:\Program Files\JetBrains\IntelliJ IDEA 2018.2.1\bin -Dfile.encoding=UTF-8 
java_command: org.codehaus.classworlds.Launcher -Didea.version=2018.2.1 clean install
java_class_path (initial): C:\Program Files\JetBrains\IntelliJ IDEA 2018.2.1\plugins\maven\lib\maven3\boot\plexus-classworlds-2.5.2.jar;C:\Program Files\JetBrains\IntelliJ IDEA 2018.2.1\lib\idea_rt.jar
Launcher Type: SUN_STANDARD

Environment Variables:
JAVA_HOME=C:\Program Files\Java\jdk-10.0.2
PATH=C:\Program Files\Docker\Docker\Resources\bin;C:\WINDOWS\system32;C:\WINDOWS;C:\WINDOWS\System32\Wbem;C:\WINDOWS\System32\WindowsPowerShell\v1.0\;C:\Program Files\Git\cmd;C:\Program Files\nodejs\;C:\Program Files (x86)\Yarn\bin\;C:\Program Files\Maven\apache-maven-3.5.4\bin;C:\WINDOWS\System32\OpenSSH\;%JAVA_HOME%\bin\bin\bin;C:\Program Files\Java\jdk-10.0.2;C:\Users\newUser\AppData\Local\Microsoft\WindowsApps;
USERNAME=newUser
OS=Windows_NT
PROCESSOR_IDENTIFIER=Intel64 Family 6 Model 37 Stepping 2, GenuineIntel



---------------  S Y S T E M  ---------------

OS: Windows 10.0 , 64 bit Build 17134 (10.0.17134.1)

CPU:total 4 (initial active 4) (2 cores per cpu, 2 threads per core) family 6 model 37 stepping 2, cmov, cx8, fxsr, mmx, sse, sse2, sse3, ssse3, sse4.1, sse4.2, popcnt, aes, clmul, ht, tsc, tscinvbit

Memory: 4k page, physical 8117748k(1151528k free), swap 10165748k(5168k free)

vm_info: Java HotSpot(TM) 64-Bit Server VM (25.181-b13) for windows-amd64 JRE (1.8.0_181-b13), built on Jul  7 2018 04:01:33 by "java_re" with MS VC++ 10.0 (VS2010)

time: Mon Oct 01 10:37:03 2018
elapsed time: 11 seconds (0d 0h 0m 11s)

